
AVRASM ver. 2.1.30  D:\0.MicroController\2.My Examples\0.My New Exercises\AVR PROJECTS\0.Final\setup\Debug\List\setup.asm Fri May 24 20:05:53 2024

D:\0.MicroController\2.My Examples\0.My New Exercises\AVR PROJECTS\0.Final\setup\Debug\List\setup.asm(1088): warning: Register r4 already defined by the .DEF directive
D:\0.MicroController\2.My Examples\0.My New Exercises\AVR PROJECTS\0.Final\setup\Debug\List\setup.asm(1089): warning: Register r5 already defined by the .DEF directive
D:\0.MicroController\2.My Examples\0.My New Exercises\AVR PROJECTS\0.Final\setup\Debug\List\setup.asm(1090): warning: Register r6 already defined by the .DEF directive
D:\0.MicroController\2.My Examples\0.My New Exercises\AVR PROJECTS\0.Final\setup\Debug\List\setup.asm(1091): warning: Register r7 already defined by the .DEF directive
D:\0.MicroController\2.My Examples\0.My New Exercises\AVR PROJECTS\0.Final\setup\Debug\List\setup.asm(1092): warning: Register r8 already defined by the .DEF directive
D:\0.MicroController\2.My Examples\0.My New Exercises\AVR PROJECTS\0.Final\setup\Debug\List\setup.asm(1093): warning: Register r9 already defined by the .DEF directive
D:\0.MicroController\2.My Examples\0.My New Exercises\AVR PROJECTS\0.Final\setup\Debug\List\setup.asm(1094): warning: Register r11 already defined by the .DEF directive
D:\0.MicroController\2.My Examples\0.My New Exercises\AVR PROJECTS\0.Final\setup\Debug\List\setup.asm(1095): warning: Register r10 already defined by the .DEF directive
D:\0.MicroController\2.My Examples\0.My New Exercises\AVR PROJECTS\0.Final\setup\Debug\List\setup.asm(1096): warning: Register r13 already defined by the .DEF directive
D:\0.MicroController\2.My Examples\0.My New Exercises\AVR PROJECTS\0.Final\setup\Debug\List\setup.asm(1097): warning: Register r12 already defined by the .DEF directive
                 
                 
                 ;CodeVisionAVR C Compiler V3.14 Advanced
                 ;(C) Copyright 1998-2014 Pavel Haiduc, HP InfoTech s.r.l.
                 ;http://www.hpinfotech.com
                 
                 ;Build configuration    : Debug
                 ;Chip type              : ATmega16
                 ;Program type           : Application
                 ;Clock frequency        : 1.000000 MHz
                 ;Memory model           : Small
                 ;Optimize for           : Size
                 ;(s)printf features     : int, width
                 ;(s)scanf features      : int, width
                 ;External RAM size      : 0
                 ;Data Stack size        : 256 byte(s)
                 ;Heap size              : 0 byte(s)
                 ;Promote 'char' to 'int': Yes
                 ;'char' is unsigned     : Yes
                 ;8 bit enums            : Yes
                 ;Global 'const' stored in FLASH: Yes
                 ;Enhanced function parameter passing: Yes
                 ;Enhanced core instructions: On
                 ;Automatic register allocation for global variables: On
                 ;Smart register allocation: On
                 
                 	#define _MODEL_SMALL_
                 
                 	#pragma AVRPART ADMIN PART_NAME ATmega16
                 	#pragma AVRPART MEMORY PROG_FLASH 16384
                 	#pragma AVRPART MEMORY EEPROM 512
                 	#pragma AVRPART MEMORY INT_SRAM SIZE 1024
                 	#pragma AVRPART MEMORY INT_SRAM START_ADDR 0x60
                 
                 	#define CALL_SUPPORTED 1
                 
                 	.LISTMAC
                 	.EQU UDRE=0x5
                 	.EQU RXC=0x7
                 	.EQU USR=0xB
                 	.EQU UDR=0xC
                 	.EQU SPSR=0xE
                 	.EQU SPDR=0xF
                 	.EQU EERE=0x0
                 	.EQU EEWE=0x1
                 	.EQU EEMWE=0x2
                 	.EQU EECR=0x1C
                 	.EQU EEDR=0x1D
                 	.EQU EEARL=0x1E
                 	.EQU EEARH=0x1F
                 	.EQU WDTCR=0x21
                 	.EQU MCUCR=0x35
                 	.EQU GICR=0x3B
                 	.EQU SPL=0x3D
                 	.EQU SPH=0x3E
                 	.EQU SREG=0x3F
                 
                 	.DEF R0X0=R0
                 	.DEF R0X1=R1
                 	.DEF R0X2=R2
                 	.DEF R0X3=R3
                 	.DEF R0X4=R4
                 	.DEF R0X5=R5
                 	.DEF R0X6=R6
                 	.DEF R0X7=R7
                 	.DEF R0X8=R8
                 	.DEF R0X9=R9
                 	.DEF R0XA=R10
                 	.DEF R0XB=R11
                 	.DEF R0XC=R12
                 	.DEF R0XD=R13
                 	.DEF R0XE=R14
                 	.DEF R0XF=R15
                 	.DEF R0X10=R16
                 	.DEF R0X11=R17
                 	.DEF R0X12=R18
                 	.DEF R0X13=R19
                 	.DEF R0X14=R20
                 	.DEF R0X15=R21
                 	.DEF R0X16=R22
                 	.DEF R0X17=R23
                 	.DEF R0X18=R24
                 	.DEF R0X19=R25
                 	.DEF R0X1A=R26
                 	.DEF R0X1B=R27
                 	.DEF R0X1C=R28
                 	.DEF R0X1D=R29
                 	.DEF R0X1E=R30
                 	.DEF R0X1F=R31
                 
                 	.EQU __SRAM_START=0x0060
                 	.EQU __SRAM_END=0x045F
                 	.EQU __DSTACK_SIZE=0x0100
                 	.EQU __HEAP_SIZE=0x0000
                 	.EQU __CLEAR_SRAM_SIZE=__SRAM_END-__SRAM_START+1
                 
                 	.MACRO __CPD1N
                 	CPI  R30,LOW(@0)
                 	LDI  R26,HIGH(@0)
                 	CPC  R31,R26
                 	LDI  R26,BYTE3(@0)
                 	CPC  R22,R26
                 	LDI  R26,BYTE4(@0)
                 	CPC  R23,R26
                 	.ENDM
                 
                 	.MACRO __CPD2N
                 	CPI  R26,LOW(@0)
                 	LDI  R30,HIGH(@0)
                 	CPC  R27,R30
                 	LDI  R30,BYTE3(@0)
                 	CPC  R24,R30
                 	LDI  R30,BYTE4(@0)
                 	CPC  R25,R30
                 	.ENDM
                 
                 	.MACRO __CPWRR
                 	CP   R@0,R@2
                 	CPC  R@1,R@3
                 	.ENDM
                 
                 	.MACRO __CPWRN
                 	CPI  R@0,LOW(@2)
                 	LDI  R30,HIGH(@2)
                 	CPC  R@1,R30
                 	.ENDM
                 
                 	.MACRO __ADDB1MN
                 	SUBI R30,LOW(-@0-(@1))
                 	.ENDM
                 
                 	.MACRO __ADDB2MN
                 	SUBI R26,LOW(-@0-(@1))
                 	.ENDM
                 
                 	.MACRO __ADDW1MN
                 	SUBI R30,LOW(-@0-(@1))
                 	SBCI R31,HIGH(-@0-(@1))
                 	.ENDM
                 
                 	.MACRO __ADDW2MN
                 	SUBI R26,LOW(-@0-(@1))
                 	SBCI R27,HIGH(-@0-(@1))
                 	.ENDM
                 
                 	.MACRO __ADDW1FN
                 	SUBI R30,LOW(-2*@0-(@1))
                 	SBCI R31,HIGH(-2*@0-(@1))
                 	.ENDM
                 
                 	.MACRO __ADDD1FN
                 	SUBI R30,LOW(-2*@0-(@1))
                 	SBCI R31,HIGH(-2*@0-(@1))
                 	SBCI R22,BYTE3(-2*@0-(@1))
                 	.ENDM
                 
                 	.MACRO __ADDD1N
                 	SUBI R30,LOW(-@0)
                 	SBCI R31,HIGH(-@0)
                 	SBCI R22,BYTE3(-@0)
                 	SBCI R23,BYTE4(-@0)
                 	.ENDM
                 
                 	.MACRO __ADDD2N
                 	SUBI R26,LOW(-@0)
                 	SBCI R27,HIGH(-@0)
                 	SBCI R24,BYTE3(-@0)
                 	SBCI R25,BYTE4(-@0)
                 	.ENDM
                 
                 	.MACRO __SUBD1N
                 	SUBI R30,LOW(@0)
                 	SBCI R31,HIGH(@0)
                 	SBCI R22,BYTE3(@0)
                 	SBCI R23,BYTE4(@0)
                 	.ENDM
                 
                 	.MACRO __SUBD2N
                 	SUBI R26,LOW(@0)
                 	SBCI R27,HIGH(@0)
                 	SBCI R24,BYTE3(@0)
                 	SBCI R25,BYTE4(@0)
                 	.ENDM
                 
                 	.MACRO __ANDBMNN
                 	LDS  R30,@0+(@1)
                 	ANDI R30,LOW(@2)
                 	STS  @0+(@1),R30
                 	.ENDM
                 
                 	.MACRO __ANDWMNN
                 	LDS  R30,@0+(@1)
                 	ANDI R30,LOW(@2)
                 	STS  @0+(@1),R30
                 	LDS  R30,@0+(@1)+1
                 	ANDI R30,HIGH(@2)
                 	STS  @0+(@1)+1,R30
                 	.ENDM
                 
                 	.MACRO __ANDD1N
                 	ANDI R30,LOW(@0)
                 	ANDI R31,HIGH(@0)
                 	ANDI R22,BYTE3(@0)
                 	ANDI R23,BYTE4(@0)
                 	.ENDM
                 
                 	.MACRO __ANDD2N
                 	ANDI R26,LOW(@0)
                 	ANDI R27,HIGH(@0)
                 	ANDI R24,BYTE3(@0)
                 	ANDI R25,BYTE4(@0)
                 	.ENDM
                 
                 	.MACRO __ORBMNN
                 	LDS  R30,@0+(@1)
                 	ORI  R30,LOW(@2)
                 	STS  @0+(@1),R30
                 	.ENDM
                 
                 	.MACRO __ORWMNN
                 	LDS  R30,@0+(@1)
                 	ORI  R30,LOW(@2)
                 	STS  @0+(@1),R30
                 	LDS  R30,@0+(@1)+1
                 	ORI  R30,HIGH(@2)
                 	STS  @0+(@1)+1,R30
                 	.ENDM
                 
                 	.MACRO __ORD1N
                 	ORI  R30,LOW(@0)
                 	ORI  R31,HIGH(@0)
                 	ORI  R22,BYTE3(@0)
                 	ORI  R23,BYTE4(@0)
                 	.ENDM
                 
                 	.MACRO __ORD2N
                 	ORI  R26,LOW(@0)
                 	ORI  R27,HIGH(@0)
                 	ORI  R24,BYTE3(@0)
                 	ORI  R25,BYTE4(@0)
                 	.ENDM
                 
                 	.MACRO __DELAY_USB
                 	LDI  R24,LOW(@0)
                 __DELAY_USB_LOOP:
                 	DEC  R24
                 	BRNE __DELAY_USB_LOOP
                 	.ENDM
                 
                 	.MACRO __DELAY_USW
                 	LDI  R24,LOW(@0)
                 	LDI  R25,HIGH(@0)
                 __DELAY_USW_LOOP:
                 	SBIW R24,1
                 	BRNE __DELAY_USW_LOOP
                 	.ENDM
                 
                 	.MACRO __GETD1S
                 	LDD  R30,Y+@0
                 	LDD  R31,Y+@0+1
                 	LDD  R22,Y+@0+2
                 	LDD  R23,Y+@0+3
                 	.ENDM
                 
                 	.MACRO __GETD2S
                 	LDD  R26,Y+@0
                 	LDD  R27,Y+@0+1
                 	LDD  R24,Y+@0+2
                 	LDD  R25,Y+@0+3
                 	.ENDM
                 
                 	.MACRO __PUTD1S
                 	STD  Y+@0,R30
                 	STD  Y+@0+1,R31
                 	STD  Y+@0+2,R22
                 	STD  Y+@0+3,R23
                 	.ENDM
                 
                 	.MACRO __PUTD2S
                 	STD  Y+@0,R26
                 	STD  Y+@0+1,R27
                 	STD  Y+@0+2,R24
                 	STD  Y+@0+3,R25
                 	.ENDM
                 
                 	.MACRO __PUTDZ2
                 	STD  Z+@0,R26
                 	STD  Z+@0+1,R27
                 	STD  Z+@0+2,R24
                 	STD  Z+@0+3,R25
                 	.ENDM
                 
                 	.MACRO __CLRD1S
                 	STD  Y+@0,R30
                 	STD  Y+@0+1,R30
                 	STD  Y+@0+2,R30
                 	STD  Y+@0+3,R30
                 	.ENDM
                 
                 	.MACRO __POINTB1MN
                 	LDI  R30,LOW(@0+(@1))
                 	.ENDM
                 
                 	.MACRO __POINTW1MN
                 	LDI  R30,LOW(@0+(@1))
                 	LDI  R31,HIGH(@0+(@1))
                 	.ENDM
                 
                 	.MACRO __POINTD1M
                 	LDI  R30,LOW(@0)
                 	LDI  R31,HIGH(@0)
                 	LDI  R22,BYTE3(@0)
                 	LDI  R23,BYTE4(@0)
                 	.ENDM
                 
                 	.MACRO __POINTW1FN
                 	LDI  R30,LOW(2*@0+(@1))
                 	LDI  R31,HIGH(2*@0+(@1))
                 	.ENDM
                 
                 	.MACRO __POINTD1FN
                 	LDI  R30,LOW(2*@0+(@1))
                 	LDI  R31,HIGH(2*@0+(@1))
                 	LDI  R22,BYTE3(2*@0+(@1))
                 	LDI  R23,BYTE4(2*@0+(@1))
                 	.ENDM
                 
                 	.MACRO __POINTB2MN
                 	LDI  R26,LOW(@0+(@1))
                 	.ENDM
                 
                 	.MACRO __POINTW2MN
                 	LDI  R26,LOW(@0+(@1))
                 	LDI  R27,HIGH(@0+(@1))
                 	.ENDM
                 
                 	.MACRO __POINTW2FN
                 	LDI  R26,LOW(2*@0+(@1))
                 	LDI  R27,HIGH(2*@0+(@1))
                 	.ENDM
                 
                 	.MACRO __POINTD2FN
                 	LDI  R26,LOW(2*@0+(@1))
                 	LDI  R27,HIGH(2*@0+(@1))
                 	LDI  R24,BYTE3(2*@0+(@1))
                 	LDI  R25,BYTE4(2*@0+(@1))
                 	.ENDM
                 
                 	.MACRO __POINTBRM
                 	LDI  R@0,LOW(@1)
                 	.ENDM
                 
                 	.MACRO __POINTWRM
                 	LDI  R@0,LOW(@2)
                 	LDI  R@1,HIGH(@2)
                 	.ENDM
                 
                 	.MACRO __POINTBRMN
                 	LDI  R@0,LOW(@1+(@2))
                 	.ENDM
                 
                 	.MACRO __POINTWRMN
                 	LDI  R@0,LOW(@2+(@3))
                 	LDI  R@1,HIGH(@2+(@3))
                 	.ENDM
                 
                 	.MACRO __POINTWRFN
                 	LDI  R@0,LOW(@2*2+(@3))
                 	LDI  R@1,HIGH(@2*2+(@3))
                 	.ENDM
                 
                 	.MACRO __GETD1N
                 	LDI  R30,LOW(@0)
                 	LDI  R31,HIGH(@0)
                 	LDI  R22,BYTE3(@0)
                 	LDI  R23,BYTE4(@0)
                 	.ENDM
                 
                 	.MACRO __GETD2N
                 	LDI  R26,LOW(@0)
                 	LDI  R27,HIGH(@0)
                 	LDI  R24,BYTE3(@0)
                 	LDI  R25,BYTE4(@0)
                 	.ENDM
                 
                 	.MACRO __GETB1MN
                 	LDS  R30,@0+(@1)
                 	.ENDM
                 
                 	.MACRO __GETB1HMN
                 	LDS  R31,@0+(@1)
                 	.ENDM
                 
                 	.MACRO __GETW1MN
                 	LDS  R30,@0+(@1)
                 	LDS  R31,@0+(@1)+1
                 	.ENDM
                 
                 	.MACRO __GETD1MN
                 	LDS  R30,@0+(@1)
                 	LDS  R31,@0+(@1)+1
                 	LDS  R22,@0+(@1)+2
                 	LDS  R23,@0+(@1)+3
                 	.ENDM
                 
                 	.MACRO __GETBRMN
                 	LDS  R@0,@1+(@2)
                 	.ENDM
                 
                 	.MACRO __GETWRMN
                 	LDS  R@0,@2+(@3)
                 	LDS  R@1,@2+(@3)+1
                 	.ENDM
                 
                 	.MACRO __GETWRZ
                 	LDD  R@0,Z+@2
                 	LDD  R@1,Z+@2+1
                 	.ENDM
                 
                 	.MACRO __GETD2Z
                 	LDD  R26,Z+@0
                 	LDD  R27,Z+@0+1
                 	LDD  R24,Z+@0+2
                 	LDD  R25,Z+@0+3
                 	.ENDM
                 
                 	.MACRO __GETB2MN
                 	LDS  R26,@0+(@1)
                 	.ENDM
                 
                 	.MACRO __GETW2MN
                 	LDS  R26,@0+(@1)
                 	LDS  R27,@0+(@1)+1
                 	.ENDM
                 
                 	.MACRO __GETD2MN
                 	LDS  R26,@0+(@1)
                 	LDS  R27,@0+(@1)+1
                 	LDS  R24,@0+(@1)+2
                 	LDS  R25,@0+(@1)+3
                 	.ENDM
                 
                 	.MACRO __PUTB1MN
                 	STS  @0+(@1),R30
                 	.ENDM
                 
                 	.MACRO __PUTW1MN
                 	STS  @0+(@1),R30
                 	STS  @0+(@1)+1,R31
                 	.ENDM
                 
                 	.MACRO __PUTD1MN
                 	STS  @0+(@1),R30
                 	STS  @0+(@1)+1,R31
                 	STS  @0+(@1)+2,R22
                 	STS  @0+(@1)+3,R23
                 	.ENDM
                 
                 	.MACRO __PUTB1EN
                 	LDI  R26,LOW(@0+(@1))
                 	LDI  R27,HIGH(@0+(@1))
                 	CALL __EEPROMWRB
                 	.ENDM
                 
                 	.MACRO __PUTW1EN
                 	LDI  R26,LOW(@0+(@1))
                 	LDI  R27,HIGH(@0+(@1))
                 	CALL __EEPROMWRW
                 	.ENDM
                 
                 	.MACRO __PUTD1EN
                 	LDI  R26,LOW(@0+(@1))
                 	LDI  R27,HIGH(@0+(@1))
                 	CALL __EEPROMWRD
                 	.ENDM
                 
                 	.MACRO __PUTBR0MN
                 	STS  @0+(@1),R0
                 	.ENDM
                 
                 	.MACRO __PUTBMRN
                 	STS  @0+(@1),R@2
                 	.ENDM
                 
                 	.MACRO __PUTWMRN
                 	STS  @0+(@1),R@2
                 	STS  @0+(@1)+1,R@3
                 	.ENDM
                 
                 	.MACRO __PUTBZR
                 	STD  Z+@1,R@0
                 	.ENDM
                 
                 	.MACRO __PUTWZR
                 	STD  Z+@2,R@0
                 	STD  Z+@2+1,R@1
                 	.ENDM
                 
                 	.MACRO __GETW1R
                 	MOV  R30,R@0
                 	MOV  R31,R@1
                 	.ENDM
                 
                 	.MACRO __GETW2R
                 	MOV  R26,R@0
                 	MOV  R27,R@1
                 	.ENDM
                 
                 	.MACRO __GETWRN
                 	LDI  R@0,LOW(@2)
                 	LDI  R@1,HIGH(@2)
                 	.ENDM
                 
                 	.MACRO __PUTW1R
                 	MOV  R@0,R30
                 	MOV  R@1,R31
                 	.ENDM
                 
                 	.MACRO __PUTW2R
                 	MOV  R@0,R26
                 	MOV  R@1,R27
                 	.ENDM
                 
                 	.MACRO __ADDWRN
                 	SUBI R@0,LOW(-@2)
                 	SBCI R@1,HIGH(-@2)
                 	.ENDM
                 
                 	.MACRO __ADDWRR
                 	ADD  R@0,R@2
                 	ADC  R@1,R@3
                 	.ENDM
                 
                 	.MACRO __SUBWRN
                 	SUBI R@0,LOW(@2)
                 	SBCI R@1,HIGH(@2)
                 	.ENDM
                 
                 	.MACRO __SUBWRR
                 	SUB  R@0,R@2
                 	SBC  R@1,R@3
                 	.ENDM
                 
                 	.MACRO __ANDWRN
                 	ANDI R@0,LOW(@2)
                 	ANDI R@1,HIGH(@2)
                 	.ENDM
                 
                 	.MACRO __ANDWRR
                 	AND  R@0,R@2
                 	AND  R@1,R@3
                 	.ENDM
                 
                 	.MACRO __ORWRN
                 	ORI  R@0,LOW(@2)
                 	ORI  R@1,HIGH(@2)
                 	.ENDM
                 
                 	.MACRO __ORWRR
                 	OR   R@0,R@2
                 	OR   R@1,R@3
                 	.ENDM
                 
                 	.MACRO __EORWRR
                 	EOR  R@0,R@2
                 	EOR  R@1,R@3
                 	.ENDM
                 
                 	.MACRO __GETWRS
                 	LDD  R@0,Y+@2
                 	LDD  R@1,Y+@2+1
                 	.ENDM
                 
                 	.MACRO __PUTBSR
                 	STD  Y+@1,R@0
                 	.ENDM
                 
                 	.MACRO __PUTWSR
                 	STD  Y+@2,R@0
                 	STD  Y+@2+1,R@1
                 	.ENDM
                 
                 	.MACRO __MOVEWRR
                 	MOV  R@0,R@2
                 	MOV  R@1,R@3
                 	.ENDM
                 
                 	.MACRO __INWR
                 	IN   R@0,@2
                 	IN   R@1,@2+1
                 	.ENDM
                 
                 	.MACRO __OUTWR
                 	OUT  @2+1,R@1
                 	OUT  @2,R@0
                 	.ENDM
                 
                 	.MACRO __CALL1MN
                 	LDS  R30,@0+(@1)
                 	LDS  R31,@0+(@1)+1
                 	ICALL
                 	.ENDM
                 
                 	.MACRO __CALL1FN
                 	LDI  R30,LOW(2*@0+(@1))
                 	LDI  R31,HIGH(2*@0+(@1))
                 	CALL __GETW1PF
                 	ICALL
                 	.ENDM
                 
                 	.MACRO __CALL2EN
                 	PUSH R26
                 	PUSH R27
                 	LDI  R26,LOW(@0+(@1))
                 	LDI  R27,HIGH(@0+(@1))
                 	CALL __EEPROMRDW
                 	POP  R27
                 	POP  R26
                 	ICALL
                 	.ENDM
                 
                 	.MACRO __CALL2EX
                 	SUBI R26,LOW(-@0)
                 	SBCI R27,HIGH(-@0)
                 	CALL __EEPROMRDD
                 	ICALL
                 	.ENDM
                 
                 	.MACRO __GETW1STACK
                 	IN   R30,SPL
                 	IN   R31,SPH
                 	ADIW R30,@0+1
                 	LD   R0,Z+
                 	LD   R31,Z
                 	MOV  R30,R0
                 	.ENDM
                 
                 	.MACRO __GETD1STACK
                 	IN   R30,SPL
                 	IN   R31,SPH
                 	ADIW R30,@0+1
                 	LD   R0,Z+
                 	LD   R1,Z+
                 	LD   R22,Z
                 	MOVW R30,R0
                 	.ENDM
                 
                 	.MACRO __NBST
                 	BST  R@0,@1
                 	IN   R30,SREG
                 	LDI  R31,0x40
                 	EOR  R30,R31
                 	OUT  SREG,R30
                 	.ENDM
                 
                 
                 	.MACRO __PUTB1SN
                 	LDD  R26,Y+@0
                 	LDD  R27,Y+@0+1
                 	SUBI R26,LOW(-@1)
                 	SBCI R27,HIGH(-@1)
                 	ST   X,R30
                 	.ENDM
                 
                 	.MACRO __PUTW1SN
                 	LDD  R26,Y+@0
                 	LDD  R27,Y+@0+1
                 	SUBI R26,LOW(-@1)
                 	SBCI R27,HIGH(-@1)
                 	ST   X+,R30
                 	ST   X,R31
                 	.ENDM
                 
                 	.MACRO __PUTD1SN
                 	LDD  R26,Y+@0
                 	LDD  R27,Y+@0+1
                 	SUBI R26,LOW(-@1)
                 	SBCI R27,HIGH(-@1)
                 	CALL __PUTDP1
                 	.ENDM
                 
                 	.MACRO __PUTB1SNS
                 	LDD  R26,Y+@0
                 	LDD  R27,Y+@0+1
                 	ADIW R26,@1
                 	ST   X,R30
                 	.ENDM
                 
                 	.MACRO __PUTW1SNS
                 	LDD  R26,Y+@0
                 	LDD  R27,Y+@0+1
                 	ADIW R26,@1
                 	ST   X+,R30
                 	ST   X,R31
                 	.ENDM
                 
                 	.MACRO __PUTD1SNS
                 	LDD  R26,Y+@0
                 	LDD  R27,Y+@0+1
                 	ADIW R26,@1
                 	CALL __PUTDP1
                 	.ENDM
                 
                 	.MACRO __PUTB1PMN
                 	LDS  R26,@0
                 	LDS  R27,@0+1
                 	SUBI R26,LOW(-@1)
                 	SBCI R27,HIGH(-@1)
                 	ST   X,R30
                 	.ENDM
                 
                 	.MACRO __PUTW1PMN
                 	LDS  R26,@0
                 	LDS  R27,@0+1
                 	SUBI R26,LOW(-@1)
                 	SBCI R27,HIGH(-@1)
                 	ST   X+,R30
                 	ST   X,R31
                 	.ENDM
                 
                 	.MACRO __PUTD1PMN
                 	LDS  R26,@0
                 	LDS  R27,@0+1
                 	SUBI R26,LOW(-@1)
                 	SBCI R27,HIGH(-@1)
                 	CALL __PUTDP1
                 	.ENDM
                 
                 	.MACRO __PUTB1PMNS
                 	LDS  R26,@0
                 	LDS  R27,@0+1
                 	ADIW R26,@1
                 	ST   X,R30
                 	.ENDM
                 
                 	.MACRO __PUTW1PMNS
                 	LDS  R26,@0
                 	LDS  R27,@0+1
                 	ADIW R26,@1
                 	ST   X+,R30
                 	ST   X,R31
                 	.ENDM
                 
                 	.MACRO __PUTD1PMNS
                 	LDS  R26,@0
                 	LDS  R27,@0+1
                 	ADIW R26,@1
                 	CALL __PUTDP1
                 	.ENDM
                 
                 	.MACRO __PUTB1RN
                 	MOVW R26,R@0
                 	SUBI R26,LOW(-@1)
                 	SBCI R27,HIGH(-@1)
                 	ST   X,R30
                 	.ENDM
                 
                 	.MACRO __PUTW1RN
                 	MOVW R26,R@0
                 	SUBI R26,LOW(-@1)
                 	SBCI R27,HIGH(-@1)
                 	ST   X+,R30
                 	ST   X,R31
                 	.ENDM
                 
                 	.MACRO __PUTD1RN
                 	MOVW R26,R@0
                 	SUBI R26,LOW(-@1)
                 	SBCI R27,HIGH(-@1)
                 	CALL __PUTDP1
                 	.ENDM
                 
                 	.MACRO __PUTB1RNS
                 	MOVW R26,R@0
                 	ADIW R26,@1
                 	ST   X,R30
                 	.ENDM
                 
                 	.MACRO __PUTW1RNS
                 	MOVW R26,R@0
                 	ADIW R26,@1
                 	ST   X+,R30
                 	ST   X,R31
                 	.ENDM
                 
                 	.MACRO __PUTD1RNS
                 	MOVW R26,R@0
                 	ADIW R26,@1
                 	CALL __PUTDP1
                 	.ENDM
                 
                 	.MACRO __PUTB1RON
                 	MOV  R26,R@0
                 	MOV  R27,R@1
                 	SUBI R26,LOW(-@2)
                 	SBCI R27,HIGH(-@2)
                 	ST   X,R30
                 	.ENDM
                 
                 	.MACRO __PUTW1RON
                 	MOV  R26,R@0
                 	MOV  R27,R@1
                 	SUBI R26,LOW(-@2)
                 	SBCI R27,HIGH(-@2)
                 	ST   X+,R30
                 	ST   X,R31
                 	.ENDM
                 
                 	.MACRO __PUTD1RON
                 	MOV  R26,R@0
                 	MOV  R27,R@1
                 	SUBI R26,LOW(-@2)
                 	SBCI R27,HIGH(-@2)
                 	CALL __PUTDP1
                 	.ENDM
                 
                 	.MACRO __PUTB1RONS
                 	MOV  R26,R@0
                 	MOV  R27,R@1
                 	ADIW R26,@2
                 	ST   X,R30
                 	.ENDM
                 
                 	.MACRO __PUTW1RONS
                 	MOV  R26,R@0
                 	MOV  R27,R@1
                 	ADIW R26,@2
                 	ST   X+,R30
                 	ST   X,R31
                 	.ENDM
                 
                 	.MACRO __PUTD1RONS
                 	MOV  R26,R@0
                 	MOV  R27,R@1
                 	ADIW R26,@2
                 	CALL __PUTDP1
                 	.ENDM
                 
                 
                 	.MACRO __GETB1SX
                 	MOVW R30,R28
                 	SUBI R30,LOW(-@0)
                 	SBCI R31,HIGH(-@0)
                 	LD   R30,Z
                 	.ENDM
                 
                 	.MACRO __GETB1HSX
                 	MOVW R30,R28
                 	SUBI R30,LOW(-@0)
                 	SBCI R31,HIGH(-@0)
                 	LD   R31,Z
                 	.ENDM
                 
                 	.MACRO __GETW1SX
                 	MOVW R30,R28
                 	SUBI R30,LOW(-@0)
                 	SBCI R31,HIGH(-@0)
                 	LD   R0,Z+
                 	LD   R31,Z
                 	MOV  R30,R0
                 	.ENDM
                 
                 	.MACRO __GETD1SX
                 	MOVW R30,R28
                 	SUBI R30,LOW(-@0)
                 	SBCI R31,HIGH(-@0)
                 	LD   R0,Z+
                 	LD   R1,Z+
                 	LD   R22,Z+
                 	LD   R23,Z
                 	MOVW R30,R0
                 	.ENDM
                 
                 	.MACRO __GETB2SX
                 	MOVW R26,R28
                 	SUBI R26,LOW(-@0)
                 	SBCI R27,HIGH(-@0)
                 	LD   R26,X
                 	.ENDM
                 
                 	.MACRO __GETW2SX
                 	MOVW R26,R28
                 	SUBI R26,LOW(-@0)
                 	SBCI R27,HIGH(-@0)
                 	LD   R0,X+
                 	LD   R27,X
                 	MOV  R26,R0
                 	.ENDM
                 
                 	.MACRO __GETD2SX
                 	MOVW R26,R28
                 	SUBI R26,LOW(-@0)
                 	SBCI R27,HIGH(-@0)
                 	LD   R0,X+
                 	LD   R1,X+
                 	LD   R24,X+
                 	LD   R25,X
                 	MOVW R26,R0
                 	.ENDM
                 
                 	.MACRO __GETBRSX
                 	MOVW R30,R28
                 	SUBI R30,LOW(-@1)
                 	SBCI R31,HIGH(-@1)
                 	LD   R@0,Z
                 	.ENDM
                 
                 	.MACRO __GETWRSX
                 	MOVW R30,R28
                 	SUBI R30,LOW(-@2)
                 	SBCI R31,HIGH(-@2)
                 	LD   R@0,Z+
                 	LD   R@1,Z
                 	.ENDM
                 
                 	.MACRO __GETBRSX2
                 	MOVW R26,R28
                 	SUBI R26,LOW(-@1)
                 	SBCI R27,HIGH(-@1)
                 	LD   R@0,X
                 	.ENDM
                 
                 	.MACRO __GETWRSX2
                 	MOVW R26,R28
                 	SUBI R26,LOW(-@2)
                 	SBCI R27,HIGH(-@2)
                 	LD   R@0,X+
                 	LD   R@1,X
                 	.ENDM
                 
                 	.MACRO __LSLW8SX
                 	MOVW R30,R28
                 	SUBI R30,LOW(-@0)
                 	SBCI R31,HIGH(-@0)
                 	LD   R31,Z
                 	CLR  R30
                 	.ENDM
                 
                 	.MACRO __PUTB1SX
                 	MOVW R26,R28
                 	SUBI R26,LOW(-@0)
                 	SBCI R27,HIGH(-@0)
                 	ST   X,R30
                 	.ENDM
                 
                 	.MACRO __PUTW1SX
                 	MOVW R26,R28
                 	SUBI R26,LOW(-@0)
                 	SBCI R27,HIGH(-@0)
                 	ST   X+,R30
                 	ST   X,R31
                 	.ENDM
                 
                 	.MACRO __PUTD1SX
                 	MOVW R26,R28
                 	SUBI R26,LOW(-@0)
                 	SBCI R27,HIGH(-@0)
                 	ST   X+,R30
                 	ST   X+,R31
                 	ST   X+,R22
                 	ST   X,R23
                 	.ENDM
                 
                 	.MACRO __CLRW1SX
                 	MOVW R26,R28
                 	SUBI R26,LOW(-@0)
                 	SBCI R27,HIGH(-@0)
                 	ST   X+,R30
                 	ST   X,R30
                 	.ENDM
                 
                 	.MACRO __CLRD1SX
                 	MOVW R26,R28
                 	SUBI R26,LOW(-@0)
                 	SBCI R27,HIGH(-@0)
                 	ST   X+,R30
                 	ST   X+,R30
                 	ST   X+,R30
                 	ST   X,R30
                 	.ENDM
                 
                 	.MACRO __PUTB2SX
                 	MOVW R30,R28
                 	SUBI R30,LOW(-@0)
                 	SBCI R31,HIGH(-@0)
                 	ST   Z,R26
                 	.ENDM
                 
                 	.MACRO __PUTW2SX
                 	MOVW R30,R28
                 	SUBI R30,LOW(-@0)
                 	SBCI R31,HIGH(-@0)
                 	ST   Z+,R26
                 	ST   Z,R27
                 	.ENDM
                 
                 	.MACRO __PUTD2SX
                 	MOVW R30,R28
                 	SUBI R30,LOW(-@0)
                 	SBCI R31,HIGH(-@0)
                 	ST   Z+,R26
                 	ST   Z+,R27
                 	ST   Z+,R24
                 	ST   Z,R25
                 	.ENDM
                 
                 	.MACRO __PUTBSRX
                 	MOVW R30,R28
                 	SUBI R30,LOW(-@1)
                 	SBCI R31,HIGH(-@1)
                 	ST   Z,R@0
                 	.ENDM
                 
                 	.MACRO __PUTWSRX
                 	MOVW R30,R28
                 	SUBI R30,LOW(-@2)
                 	SBCI R31,HIGH(-@2)
                 	ST   Z+,R@0
                 	ST   Z,R@1
                 	.ENDM
                 
                 	.MACRO __PUTB1SNX
                 	MOVW R26,R28
                 	SUBI R26,LOW(-@0)
                 	SBCI R27,HIGH(-@0)
                 	LD   R0,X+
                 	LD   R27,X
                 	MOV  R26,R0
                 	SUBI R26,LOW(-@1)
                 	SBCI R27,HIGH(-@1)
                 	ST   X,R30
                 	.ENDM
                 
                 	.MACRO __PUTW1SNX
                 	MOVW R26,R28
                 	SUBI R26,LOW(-@0)
                 	SBCI R27,HIGH(-@0)
                 	LD   R0,X+
                 	LD   R27,X
                 	MOV  R26,R0
                 	SUBI R26,LOW(-@1)
                 	SBCI R27,HIGH(-@1)
                 	ST   X+,R30
                 	ST   X,R31
                 	.ENDM
                 
                 	.MACRO __PUTD1SNX
                 	MOVW R26,R28
                 	SUBI R26,LOW(-@0)
                 	SBCI R27,HIGH(-@0)
                 	LD   R0,X+
                 	LD   R27,X
                 	MOV  R26,R0
                 	SUBI R26,LOW(-@1)
                 	SBCI R27,HIGH(-@1)
                 	ST   X+,R30
                 	ST   X+,R31
                 	ST   X+,R22
                 	ST   X,R23
                 	.ENDM
                 
                 	.MACRO __MULBRR
                 	MULS R@0,R@1
                 	MOVW R30,R0
                 	.ENDM
                 
                 	.MACRO __MULBRRU
                 	MUL  R@0,R@1
                 	MOVW R30,R0
                 	.ENDM
                 
                 	.MACRO __MULBRR0
                 	MULS R@0,R@1
                 	.ENDM
                 
                 	.MACRO __MULBRRU0
                 	MUL  R@0,R@1
                 	.ENDM
                 
                 	.MACRO __MULBNWRU
                 	LDI  R26,@2
                 	MUL  R26,R@0
                 	MOVW R30,R0
                 	MUL  R26,R@1
                 	ADD  R31,R0
                 	.ENDM
                 
                 ;NAME DEFINITIONS FOR GLOBAL VARIABLES ALLOCATED TO REGISTERS
                 	.DEF _i=R4
                 	.DEF _i_msb=R5
                 	.DEF _j=R6
                 	.DEF _j_msb=R7
                 	.DEF _MemAddress=R8
                 	.DEF _MemAddress_msb=R9
                 	.DEF _hour=R11
                 	.DEF _min=R10
                 	.DEF _sec=R13
                 	.DEF _weekDay=R12
                 
                 	.CSEG
                 	.ORG 0x00
                 
                 ;START OF CODE MARKER
                 __START_OF_CODE:
                 
                 ;INTERRUPT VECTORS
000000 940c 00c1 	JMP  __RESET
000002 940c 0000 	JMP  0x00
000004 940c 0000 	JMP  0x00
000006 940c 0000 	JMP  0x00
000008 940c 0000 	JMP  0x00
00000a 940c 0000 	JMP  0x00
00000c 940c 0000 	JMP  0x00
00000e 940c 0000 	JMP  0x00
000010 940c 0000 	JMP  0x00
000012 940c 0000 	JMP  0x00
000014 940c 0000 	JMP  0x00
000016 940c 0000 	JMP  0x00
000018 940c 0000 	JMP  0x00
00001a 940c 0000 	JMP  0x00
00001c 940c 0000 	JMP  0x00
00001e 940c 0000 	JMP  0x00
000020 940c 0000 	JMP  0x00
000022 940c 0000 	JMP  0x00
000024 940c 0000 	JMP  0x00
000026 940c 0000 	JMP  0x00
000028 940c 0000 	JMP  0x00
                 
                 _tbl10_G101:
00002a 2710
00002b 03e8
00002c 0064
00002d 000a      	.DB  0x10,0x27,0xE8,0x3,0x64,0x0,0xA,0x0
00002e 0001      	.DB  0x1,0x0
                 _tbl16_G101:
00002f 1000
000030 0100
000031 0010
000032 0001      	.DB  0x0,0x10,0x0,0x1,0x10,0x0,0x1,0x0
                 
                 ;GLOBAL REGISTER VARIABLES INITIALIZATION
                 __REG_VARS:
000033 0001      	.DB  0x1,0x0
                 
                 _0x4:
000034 0160
000035 0165      	.DB  LOW(_0x3),HIGH(_0x3),LOW(_0x3+5),HIGH(_0x3+5)
                 _0x6:
000036 016a
000037 016f
000038 0175      	.DB  LOW(_0x5),HIGH(_0x5),LOW(_0x5+5),HIGH(_0x5+5),LOW(_0x5+11),HIGH(_0x5+11)
                 _0x8:
000039 017d
00003a 0181
00003b 0186
00003c 018c      	.DB  LOW(_0x7),HIGH(_0x7),LOW(_0x7+4),HIGH(_0x7+4),LOW(_0x7+9),HIGH(_0x7+9),LOW(_0x7+15),HIGH(_0x7+15)
00003d 018f
00003e 0196
00003f 0199
000040 01a1      	.DB  LOW(_0x7+18),HIGH(_0x7+18),LOW(_0x7+25),HIGH(_0x7+25),LOW(_0x7+28),HIGH(_0x7+28),LOW(_0x7+36),HIGH(_0x7+36)
000041 01a9      	.DB  LOW(_0x7+44),HIGH(_0x7+44)
                 _0x0:
000042 3030
000043 3030
000044 3100
000045 3131      	.DB  0x30,0x30,0x30,0x30,0x0,0x31,0x31,0x31
000046 0031
000047 6946
000048 656c
000049 4d00      	.DB  0x31,0x0,0x46,0x69,0x6C,0x65,0x0,0x4D
00004a 746f
00004b 726f
00004c 5300
00004d 7465      	.DB  0x6F,0x74,0x6F,0x72,0x0,0x53,0x65,0x74
00004e 6974
00004f 676e
000050 4e00
000051 7765      	.DB  0x74,0x69,0x6E,0x67,0x0,0x4E,0x65,0x77
000052 4500
000053 6964
000054 0074
000055 6c43      	.DB  0x0,0x45,0x64,0x69,0x74,0x0,0x43,0x6C
000056 736f
000057 0065
000058 4344
000059 5300      	.DB  0x6F,0x73,0x65,0x0,0x44,0x43,0x0,0x53
00005a 6574
00005b 6570
00005c 0072
00005d 4341      	.DB  0x74,0x65,0x70,0x65,0x72,0x0,0x41,0x43
00005e 5300
00005f 7465
000060 6150
000061 7373      	.DB  0x0,0x53,0x65,0x74,0x50,0x61,0x73,0x73
000062 5600
000063 6c6f
000064 6174
000065 6567      	.DB  0x0,0x56,0x6F,0x6C,0x74,0x61,0x67,0x65
000066 4400
000067 7461
000068 2665
000069 6954      	.DB  0x0,0x44,0x61,0x74,0x65,0x26,0x54,0x69
00006a 656d
00006b 4600
00006c 4e49
00006d 5349      	.DB  0x6D,0x65,0x0,0x46,0x49,0x4E,0x49,0x53
00006e 2e48
00006f 2500
000070 3230
000071 2f75      	.DB  0x48,0x2E,0x0,0x25,0x30,0x32,0x75,0x2F
000072 3025
000073 7532
000074 252f
000075 3230      	.DB  0x25,0x30,0x32,0x75,0x2F,0x25,0x30,0x32
000076 2075
000077 202d
000078 6144
000079 2079      	.DB  0x75,0x20,0x2D,0x20,0x44,0x61,0x79,0x20
00007a 7525
00007b 2500
00007c 3230
00007d 3a75      	.DB  0x25,0x75,0x0,0x25,0x30,0x32,0x75,0x3A
00007e 3025
00007f 7532
000080 253a
000081 3230      	.DB  0x25,0x30,0x32,0x75,0x3A,0x25,0x30,0x32
000082 0075      	.DB  0x75,0x0
                 _0x2000003:
000083 c080      	.DB  0x80,0xC0
                 
                 __GLOBAL_INI_TBL:
000084 0002      	.DW  0x02
000085 0008      	.DW  0x08
000086 0066      	.DW  __REG_VARS*2
                 
000087 0005      	.DW  0x05
000088 0160      	.DW  _0x3
000089 0084      	.DW  _0x0*2
                 
00008a 0005      	.DW  0x05
00008b 0165      	.DW  _0x3+5
00008c 0089      	.DW  _0x0*2+5
                 
00008d 0004      	.DW  0x04
00008e 01db      	.DW  _psw
00008f 0068      	.DW  _0x4*2
                 
000090 0005      	.DW  0x05
000091 016a      	.DW  _0x5
000092 008e      	.DW  _0x0*2+10
                 
000093 0006      	.DW  0x06
000094 016f      	.DW  _0x5+5
000095 0093      	.DW  _0x0*2+15
                 
000096 0008      	.DW  0x08
000097 0175      	.DW  _0x5+11
000098 0099      	.DW  _0x0*2+21
                 
000099 0006      	.DW  0x06
00009a 01df      	.DW  _str
00009b 006c      	.DW  _0x6*2
                 
00009c 0004      	.DW  0x04
00009d 017d      	.DW  _0x7
00009e 00a1      	.DW  _0x0*2+29
                 
00009f 0005      	.DW  0x05
0000a0 0181      	.DW  _0x7+4
0000a1 00a5      	.DW  _0x0*2+33
                 
0000a2 0006      	.DW  0x06
0000a3 0186      	.DW  _0x7+9
0000a4 00aa      	.DW  _0x0*2+38
                 
0000a5 0003      	.DW  0x03
0000a6 018c      	.DW  _0x7+15
0000a7 00b0      	.DW  _0x0*2+44
                 
0000a8 0007      	.DW  0x07
0000a9 018f      	.DW  _0x7+18
0000aa 00b3      	.DW  _0x0*2+47
                 
0000ab 0003      	.DW  0x03
0000ac 0196      	.DW  _0x7+25
0000ad 00ba      	.DW  _0x0*2+54
                 
0000ae 0008      	.DW  0x08
0000af 0199      	.DW  _0x7+28
0000b0 00bd      	.DW  _0x0*2+57
                 
0000b1 0008      	.DW  0x08
0000b2 01a1      	.DW  _0x7+36
0000b3 00c5      	.DW  _0x0*2+65
                 
0000b4 000a      	.DW  0x0A
0000b5 01a9      	.DW  _0x7+44
0000b6 00cd      	.DW  _0x0*2+73
                 
0000b7 0012      	.DW  0x12
0000b8 01e5      	.DW  _stritems
0000b9 0072      	.DW  _0x8*2
                 
0000ba 0008      	.DW  0x08
0000bb 01b3      	.DW  _0x1B
0000bc 00d7      	.DW  _0x0*2+83
                 
0000bd 0002      	.DW  0x02
0000be 01fa      	.DW  __base_y_G100
0000bf 0106      	.DW  _0x2000003*2
                 
                 _0xFFFFFFFF:
0000c0 0000      	.DW  0
                 
                 #define __GLOBAL_INI_TBL_PRESENT 1
                 
                 __RESET:
0000c1 94f8      	CLI
0000c2 27ee      	CLR  R30
0000c3 bbec      	OUT  EECR,R30
                 
                 ;INTERRUPT VECTORS ARE PLACED
                 ;AT THE START OF FLASH
0000c4 e0f1      	LDI  R31,1
0000c5 bffb      	OUT  GICR,R31
0000c6 bfeb      	OUT  GICR,R30
0000c7 bfe5      	OUT  MCUCR,R30
                 
                 ;CLEAR R2-R14
0000c8 e08d      	LDI  R24,(14-2)+1
0000c9 e0a2      	LDI  R26,2
0000ca 27bb      	CLR  R27
                 __CLEAR_REG:
0000cb 93ed      	ST   X+,R30
0000cc 958a      	DEC  R24
0000cd f7e9      	BRNE __CLEAR_REG
                 
                 ;CLEAR SRAM
0000ce e080      	LDI  R24,LOW(__CLEAR_SRAM_SIZE)
0000cf e094      	LDI  R25,HIGH(__CLEAR_SRAM_SIZE)
0000d0 e6a0      	LDI  R26,__SRAM_START
                 __CLEAR_SRAM:
0000d1 93ed      	ST   X+,R30
0000d2 9701      	SBIW R24,1
0000d3 f7e9      	BRNE __CLEAR_SRAM
                 
                 ;GLOBAL VARIABLES INITIALIZATION
0000d4 e0e8      	LDI  R30,LOW(__GLOBAL_INI_TBL*2)
0000d5 e0f1      	LDI  R31,HIGH(__GLOBAL_INI_TBL*2)
                 __GLOBAL_INI_NEXT:
0000d6 9185      	LPM  R24,Z+
0000d7 9195      	LPM  R25,Z+
0000d8 9700      	SBIW R24,0
0000d9 f061      	BREQ __GLOBAL_INI_END
0000da 91a5      	LPM  R26,Z+
0000db 91b5      	LPM  R27,Z+
0000dc 9005      	LPM  R0,Z+
0000dd 9015      	LPM  R1,Z+
0000de 01bf      	MOVW R22,R30
0000df 01f0      	MOVW R30,R0
                 __GLOBAL_INI_LOOP:
0000e0 9005      	LPM  R0,Z+
0000e1 920d      	ST   X+,R0
0000e2 9701      	SBIW R24,1
0000e3 f7e1      	BRNE __GLOBAL_INI_LOOP
0000e4 01fb      	MOVW R30,R22
0000e5 cff0      	RJMP __GLOBAL_INI_NEXT
                 __GLOBAL_INI_END:
                 
                 ;HARDWARE STACK POINTER INITIALIZATION
0000e6 e5ef      	LDI  R30,LOW(__SRAM_END-__HEAP_SIZE)
0000e7 bfed      	OUT  SPL,R30
0000e8 e0e4      	LDI  R30,HIGH(__SRAM_END-__HEAP_SIZE)
0000e9 bfee      	OUT  SPH,R30
                 
                 ;DATA STACK POINTER INITIALIZATION
0000ea e6c0      	LDI  R28,LOW(__SRAM_START+__DSTACK_SIZE)
0000eb e0d1      	LDI  R29,HIGH(__SRAM_START+__DSTACK_SIZE)
                 
0000ec 940c 00ee 	JMP  _main
                 
                 	.ESEG
                 	.ORG 0
                 
                 	.DSEG
                 	.ORG 0x160
                 
                 	.CSEG
                 ;#include <io.h>
                 	#ifndef __SLEEP_DEFINED__
                 	#define __SLEEP_DEFINED__
                 	.EQU __se_bit=0x40
                 	.EQU __sm_mask=0xB0
                 	.EQU __sm_powerdown=0x20
                 	.EQU __sm_powersave=0x30
                 	.EQU __sm_standby=0xA0
                 	.EQU __sm_ext_standby=0xB0
                 	.EQU __sm_adc_noise_red=0x10
                 	.SET power_ctrl_reg=mcucr
                 	#endif
                 ;#include <i2c.h>
                 ;#include <alcd.h>
                 ;#include <delay.h>
                 ;#include <stdio.h>
                 ;#include <stdint.h>
                 ;#include <string.h>
                 ;#include <ds1307.h>
                 ;
                 ;#define DeviceAddress       0xA0
                 ;#define mainMenuAdd         1
                 ;#define buffSize            16
                 ;#define maxMenuitemsX       3
                 ;#define maxMenuitemsY       3
                 ;
                 ;// Declare your global variables here
                 ;void EEPROM_WritePage(uint8_t deviceAddress, uint8_t memAddress, uint8_t* data, uint8_t len);
                 ;void EEPROM_ReadPage(uint8_t deviceAddress, uint8_t memAddress, uint8_t* data, uint8_t len);
                 ;void showTimedate();
                 ;
                 ;unsigned int i,j;
                 ;int MemAddress = mainMenuAdd;
                 ;char tempStr[buffSize];
                 ;char mStr[buffSize];
                 ;//int SubAddress = mainMenuAdd + ((maxMenuitemsX+1)*buffSize);
                 ;
                 ;/*************************************
                 ;MM
                 ;{{"", 4}, {"", 5}, {"", 7}};
                 ;SM
                 ;{{"",3},{"",4},{"",5}},
                 ;{{"",2},{"",6},{"",2}},
                 ;{{"",7},{"",7},{"",9}}
                 ;};
                 ;**************************************/
                 ;char * psw[2] = {"0000","1111"};
                 
                 	.DSEG
                 _0x3:
000160           	.BYTE 0xA
                 ;char * str[maxMenuitemsX]   = {"File","Motor","Setting"};
                 _0x5:
00016a           	.BYTE 0x13
                 ;//                               4       5        7
                 ;char * stritems[maxMenuitemsX][maxMenuitemsY]=
                 ;{
                 ;{"New","Edit","Close"},
                 ;{"DC","Steper","AC"},
                 ;{"SetPass","Voltage","Date&Time"}
                 ;};
                 _0x7:
00017d           	.BYTE 0x36
                 ;
                 ;uint8_t hour;
                 ;uint8_t min;
                 ;uint8_t sec;
                 ;uint8_t weekDay;
                 ;uint8_t year;
                 ;uint8_t month;
                 ;uint8_t day;
                 ;
                 ;void main(void)
                 ; 0000 0037 {
                 
                 	.CSEG
                 _main:
                 ; .FSTART _main
                 ; 0000 0038 // Declare your local variables here
                 ; 0000 0039 
                 ; 0000 003A // Input/Output Ports initialization
                 ; 0000 003B // Port A initialization
                 ; 0000 003C // Function: Bit7=In Bit6=In Bit5=In Bit4=In Bit3=In Bit2=In Bit1=In Bit0=In
                 ; 0000 003D DDRA=(0<<DDA7) | (0<<DDA6) | (0<<DDA5) | (0<<DDA4) | (0<<DDA3) | (0<<DDA2) | (0<<DDA1) | (0<<DDA0);
0000ee e0e0      	LDI  R30,LOW(0)
0000ef bbea      	OUT  0x1A,R30
                 ; 0000 003E // State: Bit7=T Bit6=T Bit5=T Bit4=T Bit3=T Bit2=T Bit1=T Bit0=T
                 ; 0000 003F PORTA=(0<<PORTA7) | (0<<PORTA6) | (0<<PORTA5) | (0<<PORTA4) | (0<<PORTA3) | (0<<PORTA2) | (0<<PORTA1) | (0<<PORTA0);
0000f0 bbeb      	OUT  0x1B,R30
                 ; 0000 0040 
                 ; 0000 0041 // Port B initialization
                 ; 0000 0042 // Function: Bit7=In Bit6=In Bit5=In Bit4=In Bit3=In Bit2=In Bit1=In Bit0=In
                 ; 0000 0043 DDRB=(0<<DDB7) | (0<<DDB6) | (0<<DDB5) | (0<<DDB4) | (0<<DDB3) | (0<<DDB2) | (0<<DDB1) | (0<<DDB0);
0000f1 bbe7      	OUT  0x17,R30
                 ; 0000 0044 // State: Bit7=T Bit6=T Bit5=T Bit4=T Bit3=T Bit2=T Bit1=T Bit0=T
                 ; 0000 0045 PORTB=(0<<PORTB7) | (0<<PORTB6) | (0<<PORTB5) | (0<<PORTB4) | (0<<PORTB3) | (0<<PORTB2) | (0<<PORTB1) | (0<<PORTB0);
0000f2 bbe8      	OUT  0x18,R30
                 ; 0000 0046 
                 ; 0000 0047 // Port C initialization
                 ; 0000 0048 // Function: Bit7=In Bit6=In Bit5=In Bit4=In Bit3=In Bit2=In Bit1=In Bit0=In
                 ; 0000 0049 DDRC=(0<<DDC7) | (0<<DDC6) | (0<<DDC5) | (0<<DDC4) | (0<<DDC3) | (0<<DDC2) | (0<<DDC1) | (0<<DDC0);
0000f3 bbe4      	OUT  0x14,R30
                 ; 0000 004A // State: Bit7=T Bit6=T Bit5=T Bit4=T Bit3=T Bit2=T Bit1=T Bit0=T
                 ; 0000 004B PORTC=(0<<PORTC7) | (0<<PORTC6) | (0<<PORTC5) | (0<<PORTC4) | (0<<PORTC3) | (0<<PORTC2) | (0<<PORTC1) | (0<<PORTC0);
0000f4 bbe5      	OUT  0x15,R30
                 ; 0000 004C 
                 ; 0000 004D // Port D initialization
                 ; 0000 004E // Function: Bit7=In Bit6=In Bit5=In Bit4=In Bit3=In Bit2=In Bit1=In Bit0=In
                 ; 0000 004F DDRD=(0<<DDD7) | (0<<DDD6) | (0<<DDD5) | (0<<DDD4) | (0<<DDD3) | (0<<DDD2) | (0<<DDD1) | (0<<DDD0);
0000f5 bbe1      	OUT  0x11,R30
                 ; 0000 0050 // State: Bit7=T Bit6=T Bit5=T Bit4=T Bit3=T Bit2=T Bit1=T Bit0=T
                 ; 0000 0051 PORTD=(0<<PORTD7) | (0<<PORTD6) | (0<<PORTD5) | (0<<PORTD4) | (0<<PORTD3) | (0<<PORTD2) | (0<<PORTD1) | (0<<PORTD0);
0000f6 bbe2      	OUT  0x12,R30
                 ; 0000 0052 
                 ; 0000 0053 // Timer/Counter 0 initialization
                 ; 0000 0054 // Clock source: System Clock
                 ; 0000 0055 // Clock value: Timer 0 Stopped
                 ; 0000 0056 // Mode: Normal top=0xFF
                 ; 0000 0057 // OC0 output: Disconnected
                 ; 0000 0058 TCCR0=(0<<WGM00) | (0<<COM01) | (0<<COM00) | (0<<WGM01) | (0<<CS02) | (0<<CS01) | (0<<CS00);
0000f7 bfe3      	OUT  0x33,R30
                 ; 0000 0059 TCNT0=0x00;
0000f8 bfe2      	OUT  0x32,R30
                 ; 0000 005A OCR0=0x00;
0000f9 bfec      	OUT  0x3C,R30
                 ; 0000 005B 
                 ; 0000 005C // Timer/Counter 1 initialization
                 ; 0000 005D // Clock source: System Clock
                 ; 0000 005E // Clock value: Timer1 Stopped
                 ; 0000 005F // Mode: Normal top=0xFFFF
                 ; 0000 0060 // OC1A output: Disconnected
                 ; 0000 0061 // OC1B output: Disconnected
                 ; 0000 0062 // Noise Canceler: Off
                 ; 0000 0063 // Input Capture on Falling Edge
                 ; 0000 0064 // Timer1 Overflow Interrupt: Off
                 ; 0000 0065 // Input Capture Interrupt: Off
                 ; 0000 0066 // Compare A Match Interrupt: Off
                 ; 0000 0067 // Compare B Match Interrupt: Off
                 ; 0000 0068 TCCR1A=(0<<COM1A1) | (0<<COM1A0) | (0<<COM1B1) | (0<<COM1B0) | (0<<WGM11) | (0<<WGM10);
0000fa bdef      	OUT  0x2F,R30
                 ; 0000 0069 TCCR1B=(0<<ICNC1) | (0<<ICES1) | (0<<WGM13) | (0<<WGM12) | (0<<CS12) | (0<<CS11) | (0<<CS10);
0000fb bdee      	OUT  0x2E,R30
                 ; 0000 006A TCNT1H=0x00;
0000fc bded      	OUT  0x2D,R30
                 ; 0000 006B TCNT1L=0x00;
0000fd bdec      	OUT  0x2C,R30
                 ; 0000 006C ICR1H=0x00;
0000fe bde7      	OUT  0x27,R30
                 ; 0000 006D ICR1L=0x00;
0000ff bde6      	OUT  0x26,R30
                 ; 0000 006E OCR1AH=0x00;
000100 bdeb      	OUT  0x2B,R30
                 ; 0000 006F OCR1AL=0x00;
000101 bdea      	OUT  0x2A,R30
                 ; 0000 0070 OCR1BH=0x00;
000102 bde9      	OUT  0x29,R30
                 ; 0000 0071 OCR1BL=0x00;
000103 bde8      	OUT  0x28,R30
                 ; 0000 0072 
                 ; 0000 0073 // Timer/Counter 2 initialization
                 ; 0000 0074 // Clock source: System Clock
                 ; 0000 0075 // Clock value: Timer2 Stopped
                 ; 0000 0076 // Mode: Normal top=0xFF
                 ; 0000 0077 // OC2 output: Disconnected
                 ; 0000 0078 ASSR=0<<AS2;
000104 bde2      	OUT  0x22,R30
                 ; 0000 0079 TCCR2=(0<<PWM2) | (0<<COM21) | (0<<COM20) | (0<<CTC2) | (0<<CS22) | (0<<CS21) | (0<<CS20);
000105 bde5      	OUT  0x25,R30
                 ; 0000 007A TCNT2=0x00;
000106 bde4      	OUT  0x24,R30
                 ; 0000 007B OCR2=0x00;
000107 bde3      	OUT  0x23,R30
                 ; 0000 007C 
                 ; 0000 007D // Timer(s)/Counter(s) Interrupt(s) initialization
                 ; 0000 007E TIMSK=(0<<OCIE2) | (0<<TOIE2) | (0<<TICIE1) | (0<<OCIE1A) | (0<<OCIE1B) | (0<<TOIE1) | (0<<OCIE0) | (0<<TOIE0);
000108 bfe9      	OUT  0x39,R30
                 ; 0000 007F 
                 ; 0000 0080 // External Interrupt(s) initialization
                 ; 0000 0081 // INT0: Off
                 ; 0000 0082 // INT1: Off
                 ; 0000 0083 // INT2: Off
                 ; 0000 0084 MCUCR=(0<<ISC11) | (0<<ISC10) | (0<<ISC01) | (0<<ISC00);
000109 bfe5      	OUT  0x35,R30
                 ; 0000 0085 MCUCSR=(0<<ISC2);
00010a bfe4      	OUT  0x34,R30
                 ; 0000 0086 
                 ; 0000 0087 // USART initialization
                 ; 0000 0088 // USART disabled
                 ; 0000 0089 UCSRB=(0<<RXCIE) | (0<<TXCIE) | (0<<UDRIE) | (0<<RXEN) | (0<<TXEN) | (0<<UCSZ2) | (0<<RXB8) | (0<<TXB8);
00010b b9ea      	OUT  0xA,R30
                 ; 0000 008A 
                 ; 0000 008B // Analog Comparator initialization
                 ; 0000 008C // Analog Comparator: Off
                 ; 0000 008D // The Analog Comparator's positive input is
                 ; 0000 008E // connected to the AIN0 pin
                 ; 0000 008F // The Analog Comparator's negative input is
                 ; 0000 0090 // connected to the AIN1 pin
                 ; 0000 0091 ACSR=(1<<ACD) | (0<<ACBG) | (0<<ACO) | (0<<ACI) | (0<<ACIE) | (0<<ACIC) | (0<<ACIS1) | (0<<ACIS0);
00010c e8e0      	LDI  R30,LOW(128)
00010d b9e8      	OUT  0x8,R30
                 ; 0000 0092 SFIOR=(0<<ACME);
00010e e0e0      	LDI  R30,LOW(0)
00010f bfe0      	OUT  0x30,R30
                 ; 0000 0093 
                 ; 0000 0094 // ADC initialization
                 ; 0000 0095 // ADC disabled
                 ; 0000 0096 ADCSRA=(0<<ADEN) | (0<<ADSC) | (0<<ADATE) | (0<<ADIF) | (0<<ADIE) | (0<<ADPS2) | (0<<ADPS1) | (0<<ADPS0);
000110 b9e6      	OUT  0x6,R30
                 ; 0000 0097 
                 ; 0000 0098 // SPI initialization
                 ; 0000 0099 // SPI disabled
                 ; 0000 009A SPCR=(0<<SPIE) | (0<<SPE) | (0<<DORD) | (0<<MSTR) | (0<<CPOL) | (0<<CPHA) | (0<<SPR1) | (0<<SPR0);
000111 b9ed      	OUT  0xD,R30
                 ; 0000 009B 
                 ; 0000 009C // TWI initialization
                 ; 0000 009D // TWI disabled
                 ; 0000 009E TWCR=(0<<TWEA) | (0<<TWSTA) | (0<<TWSTO) | (0<<TWEN) | (0<<TWIE);
000112 bfe6      	OUT  0x36,R30
                 ; 0000 009F 
                 ; 0000 00A0 // Bit-Banged I2C Bus initialization
                 ; 0000 00A1 // I2C Port: PORTD
                 ; 0000 00A2 // I2C SDA bit: 1
                 ; 0000 00A3 // I2C SCL bit: 0
                 ; 0000 00A4 // Bit Rate: 100 kHz
                 ; 0000 00A5 // Note: I2C settings are specified in the
                 ; 0000 00A6 // Project|Configure|C Compiler|Libraries|I2C menu.
                 ; 0000 00A7 i2c_init();
000113 940e 0362 	CALL _i2c_init
                 ; 0000 00A8 
                 ; 0000 00A9 // Alphanumeric LCD initialization
                 ; 0000 00AA // Connections are specified in the
                 ; 0000 00AB // Project|Configure|C Compiler|Libraries|Alphanumeric LCD menu:
                 ; 0000 00AC // RS - PORTB Bit 0
                 ; 0000 00AD // RD - PORTB Bit 1
                 ; 0000 00AE // EN - PORTB Bit 2
                 ; 0000 00AF // D4 - PORTB Bit 4
                 ; 0000 00B0 // D5 - PORTB Bit 5
                 ; 0000 00B1 // D6 - PORTB Bit 6
                 ; 0000 00B2 // D7 - PORTB Bit 7
                 ; 0000 00B3 // Characters/line: 8
                 ; 0000 00B4 lcd_init(16);
000115 e1a0      	LDI  R26,LOW(16)
000116 d164      	RCALL _lcd_init
                 ; 0000 00B5 
                 ; 0000 00B6 rtc_set_date(7,  5, 24, 24);
000117 e0e7      	LDI  R30,LOW(7)
000118 93ea      	ST   -Y,R30
000119 e0e5      	LDI  R30,LOW(5)
00011a 93ea      	ST   -Y,R30
00011b e1e8      	LDI  R30,LOW(24)
00011c 93ea      	ST   -Y,R30
00011d e1a8      	LDI  R26,LOW(24)
00011e 940e 02c2 	CALL _rtc_set_date
                 ; 0000 00B7 rtc_set_time(8, 6, 1);
000120 e0e8      	LDI  R30,LOW(8)
000121 93ea      	ST   -Y,R30
000122 e0e6      	LDI  R30,LOW(6)
000123 93ea      	ST   -Y,R30
000124 e0a1      	LDI  R26,LOW(1)
000125 940e 02b5 	CALL _rtc_set_time
                 ; 0000 00B8 
                 ; 0000 00B9 // Writing password in EEPROM
                 ; 0000 00BA EEPROM_WritePage(DeviceAddress, MemAddress, (char*)psw[0], strlen(psw[0]));
000127 eae0      	LDI  R30,LOW(160)
000128 93ea      	ST   -Y,R30
000129 928a      	ST   -Y,R8
00012a 91e0 01db 	LDS  R30,_psw
00012c 91f0 01dc 	LDS  R31,_psw+1
00012e 940e 02dc 	CALL SUBOPT_0x0
000130 940e 02e6 	CALL SUBOPT_0x1
                 ; 0000 00BB delay_ms(10);
                 ; 0000 00BC MemAddress += buffSize ;
                 ; 0000 00BD 
                 ; 0000 00BE for(i=0; i<maxMenuitemsX ; i++){
000132 2444      	CLR  R4
000133 2455      	CLR  R5
                 _0xA:
000134 940e 02f0 	CALL SUBOPT_0x2
000136 f478      	BRSH _0xB
                 ; 0000 00BF     EEPROM_WritePage(DeviceAddress, MemAddress, (char*)str[i], strlen(str[i]));
000137 eae0      	LDI  R30,LOW(160)
000138 93ea      	ST   -Y,R30
000139 928a      	ST   -Y,R8
00013a 940e 02f5 	CALL SUBOPT_0x3
00013c 93fa      	ST   -Y,R31
00013d 93ea      	ST   -Y,R30
00013e 940e 02f5 	CALL SUBOPT_0x3
000140 940e 02ff 	CALL SUBOPT_0x4
                 ; 0000 00C0     delay_ms(10);
                 ; 0000 00C1     MemAddress += buffSize ;
                 ; 0000 00C2 }
000142 01f2      	MOVW R30,R4
000143 9631      	ADIW R30,1
000144 012f      	MOVW R4,R30
000145 cfee      	RJMP _0xA
                 _0xB:
                 ; 0000 00C3 
                 ; 0000 00C4 for(i=0; i<maxMenuitemsX ; i++){
000146 2444      	CLR  R4
000147 2455      	CLR  R5
                 _0xD:
000148 940e 02f0 	CALL SUBOPT_0x2
00014a f4d0      	BRSH _0xE
                 ; 0000 00C5     for(j=0; j<maxMenuitemsY ; j++){
00014b 2466      	CLR  R6
00014c 2477      	CLR  R7
                 _0x10:
00014d e0e3      	LDI  R30,LOW(3)
00014e e0f0      	LDI  R31,HIGH(3)
00014f 166e      	CP   R6,R30
000150 067f      	CPC  R7,R31
000151 f478      	BRSH _0x11
                 ; 0000 00C6         EEPROM_WritePage(DeviceAddress, MemAddress, (char*)stritems[i][j], strlen(stritems[i][j]));
000152 eae0      	LDI  R30,LOW(160)
000153 93ea      	ST   -Y,R30
000154 928a      	ST   -Y,R8
000155 940e 0304 	CALL SUBOPT_0x5
000157 93fa      	ST   -Y,R31
000158 93ea      	ST   -Y,R30
000159 940e 0304 	CALL SUBOPT_0x5
00015b 940e 02ff 	CALL SUBOPT_0x4
                 ; 0000 00C7         delay_ms(10);
                 ; 0000 00C8         MemAddress += buffSize ;
                 ; 0000 00C9     }
00015d 01f3      	MOVW R30,R6
00015e 9631      	ADIW R30,1
00015f 013f      	MOVW R6,R30
000160 cfec      	RJMP _0x10
                 _0x11:
                 ; 0000 00CA }
000161 01f2      	MOVW R30,R4
000162 9631      	ADIW R30,1
000163 012f      	MOVW R4,R30
000164 cfe3      	RJMP _0xD
                 _0xE:
                 ; 0000 00CB 
                 ; 0000 00CC // Reading
                 ; 0000 00CD MemAddress = mainMenuAdd;
000165 e0e1      	LDI  R30,LOW(1)
000166 e0f0      	LDI  R31,HIGH(1)
000167 014f      	MOVW R8,R30
                 ; 0000 00CE EEPROM_ReadPage(DeviceAddress, MemAddress , tempStr, strlen(psw[0]));
000168 940e 0314 	CALL SUBOPT_0x6
00016a 940e 02dc 	CALL SUBOPT_0x0
00016c 940e 031a 	CALL SUBOPT_0x7
                 ; 0000 00CF delay_ms(10);
                 ; 0000 00D0 MemAddress += buffSize ;
                 ; 0000 00D1 lcd_clear();
                 ; 0000 00D2 lcd_gotoxy(0,0);
                 ; 0000 00D3 lcd_puts(tempStr);
                 ; 0000 00D4 delay_ms(1000);
                 ; 0000 00D5 
                 ; 0000 00D6 for(i=0; i<maxMenuitemsX ; i++){
00016e 2444      	CLR  R4
00016f 2455      	CLR  R5
                 _0x13:
000170 940e 02f0 	CALL SUBOPT_0x2
000172 f480      	BRSH _0x14
                 ; 0000 00D7     EEPROM_ReadPage(DeviceAddress, MemAddress , tempStr, strlen(str[i]));
000173 940e 0314 	CALL SUBOPT_0x6
000175 93fa      	ST   -Y,R31
000176 93ea      	ST   -Y,R30
000177 940e 02f5 	CALL SUBOPT_0x3
000179 01df      	MOVW R26,R30
00017a 940e 02a9 	CALL _strlen
00017c 2fae      	MOV  R26,R30
00017d 940e 031a 	CALL SUBOPT_0x7
                 ; 0000 00D8     delay_ms(10);
                 ; 0000 00D9     MemAddress += buffSize ;
                 ; 0000 00DA     lcd_clear();
                 ; 0000 00DB     lcd_gotoxy(0,0);
                 ; 0000 00DC     lcd_puts(tempStr);
                 ; 0000 00DD     delay_ms(1000);
                 ; 0000 00DE }
00017f 01f2      	MOVW R30,R4
000180 9631      	ADIW R30,1
000181 012f      	MOVW R4,R30
000182 cfed      	RJMP _0x13
                 _0x14:
                 ; 0000 00DF 
                 ; 0000 00E0 for(i=0; i<maxMenuitemsX ; i++){
000183 2444      	CLR  R4
000184 2455      	CLR  R5
                 _0x16:
000185 940e 02f0 	CALL SUBOPT_0x2
000187 f568      	BRSH _0x17
                 ; 0000 00E1     for(j=0; j<maxMenuitemsY ; j++){
000188 2466      	CLR  R6
000189 2477      	CLR  R7
                 _0x19:
00018a e0e3      	LDI  R30,LOW(3)
00018b e0f0      	LDI  R31,HIGH(3)
00018c 166e      	CP   R6,R30
00018d 067f      	CPC  R7,R31
00018e f510      	BRSH _0x1A
                 ; 0000 00E2         EEPROM_ReadPage(DeviceAddress, MemAddress, tempStr, strlen(stritems[i][j]));
00018f 940e 0314 	CALL SUBOPT_0x6
000191 93fa      	ST   -Y,R31
000192 93ea      	ST   -Y,R30
000193 940e 0304 	CALL SUBOPT_0x5
000195 01df      	MOVW R26,R30
000196 940e 02a9 	CALL _strlen
000198 2fae      	MOV  R26,R30
000199 d040      	RCALL _EEPROM_ReadPage
                 ; 0000 00E3         delay_ms(10);
00019a e0aa      	LDI  R26,LOW(10)
00019b e0b0      	LDI  R27,0
00019c 940e 03b3 	CALL _delay_ms
                 ; 0000 00E4         MemAddress += buffSize ;
00019e 01f4      	MOVW R30,R8
00019f 9670      	ADIW R30,16
0001a0 014f      	MOVW R8,R30
                 ; 0000 00E5         lcd_clear();
0001a1 d09a      	RCALL _lcd_clear
                 ; 0000 00E6         lcd_gotoxy(0,1);
0001a2 e0e0      	LDI  R30,LOW(0)
0001a3 93ea      	ST   -Y,R30
0001a4 e0a1      	LDI  R26,LOW(1)
0001a5 d085      	RCALL _lcd_gotoxy
                 ; 0000 00E7         lcd_puts(tempStr);
0001a6 ebab      	LDI  R26,LOW(_tempStr)
0001a7 e0b1      	LDI  R27,HIGH(_tempStr)
0001a8 d0c1      	RCALL _lcd_puts
                 ; 0000 00E8         delay_ms(1000);
0001a9 eea8      	LDI  R26,LOW(1000)
0001aa e0b3      	LDI  R27,HIGH(1000)
0001ab 940e 03b3 	CALL _delay_ms
                 ; 0000 00E9     }
0001ad 01f3      	MOVW R30,R6
0001ae 9631      	ADIW R30,1
0001af 013f      	MOVW R6,R30
0001b0 cfd9      	RJMP _0x19
                 _0x1A:
                 ; 0000 00EA }
0001b1 01f2      	MOVW R30,R4
0001b2 9631      	ADIW R30,1
0001b3 012f      	MOVW R4,R30
0001b4 cfd0      	RJMP _0x16
                 _0x17:
                 ; 0000 00EB 
                 ; 0000 00EC lcd_clear();
0001b5 d086      	RCALL _lcd_clear
                 ; 0000 00ED lcd_puts("FINISH.");
                +
0001b6 eba3     +LDI R26 , LOW ( _0x1B + ( 0 ) )
0001b7 e0b1     +LDI R27 , HIGH ( _0x1B + ( 0 ) )
                 	__POINTW2MN _0x1B,0
0001b8 d0b1      	RCALL _lcd_puts
                 ; 0000 00EE 
                 ; 0000 00EF //showTimedate();
                 ; 0000 00F0 
                 ; 0000 00F1 while (1)
                 _0x1C:
                 ; 0000 00F2 {
                 ; 0000 00F3 }
0001b9 cfff      	RJMP _0x1C
                 ; 0000 00F4 }
                 _0x1F:
0001ba cfff      	RJMP _0x1F
                 ; .FEND
                 
                 	.DSEG
                 _0x1B:
0001b3           	.BYTE 0x8
                 ;
                 ;void EEPROM_WritePage(uint8_t deviceAddress, uint8_t memAddress, uint8_t* data, uint8_t len){
                 ; 0000 00F6 void EEPROM_WritePage(uint8_t deviceAddress, uint8_t memAddress, uint8_t* data, uint8_t len){
                 
                 	.CSEG
                 _EEPROM_WritePage:
                 ; .FSTART _EEPROM_WritePage
                 ; 0000 00F7     uint8_t current_byte;
                 ; 0000 00F8     i2c_start();
0001bb 93aa      	ST   -Y,R26
0001bc 931a      	ST   -Y,R17
                 ;	deviceAddress -> Y+5
                 ;	memAddress -> Y+4
                 ;	*data -> Y+2
                 ;	len -> Y+1
                 ;	current_byte -> R17
0001bd 940e 0367 	CALL _i2c_start
                 ; 0000 00F9     i2c_write(deviceAddress);
0001bf 81ad      	LDD  R26,Y+5
0001c0 940e 039b 	CALL _i2c_write
                 ; 0000 00FA     i2c_write(memAddress);
0001c2 81ac      	LDD  R26,Y+4
0001c3 940e 039b 	CALL _i2c_write
                 ; 0000 00FB     while (len--) {
                 _0x20:
0001c5 81e9      	LDD  R30,Y+1
0001c6 50e1      	SUBI R30,LOW(1)
0001c7 83e9      	STD  Y+1,R30
0001c8 5fef      	SUBI R30,-LOW(1)
0001c9 f049      	BREQ _0x22
                 ; 0000 00FC         current_byte = *data++;
0001ca 81aa      	LDD  R26,Y+2
0001cb 81bb      	LDD  R27,Y+2+1
0001cc 911d      	LD   R17,X+
0001cd 83aa      	STD  Y+2,R26
0001ce 83bb      	STD  Y+2+1,R27
                 ; 0000 00FD         i2c_write(current_byte);
0001cf 2fa1      	MOV  R26,R17
0001d0 940e 039b 	CALL _i2c_write
                 ; 0000 00FE }
0001d2 cff2      	RJMP _0x20
                 _0x22:
                 ; 0000 00FF current_byte = '\0';
0001d3 e010      	LDI  R17,LOW(0)
                 ; 0000 0100 i2c_write(current_byte);
0001d4 2fa1      	MOV  R26,R17
0001d5 940e 0332 	CALL SUBOPT_0x8
                 ; 0000 0101 i2c_stop();
                 ; 0000 0102 }
0001d7 8118      	LDD  R17,Y+0
0001d8 9626      	ADIW R28,6
0001d9 9508      	RET
                 ; .FEND
                 ;
                 ;void EEPROM_ReadPage(uint8_t deviceAddress, uint8_t memAddress, uint8_t* data, uint8_t len) {
                 ; 0000 0104 void EEPROM_ReadPage(uint8_t deviceAddress, uint8_t memAddress, uint8_t* data, uint8_t len) {
                 _EEPROM_ReadPage:
                 ; .FSTART _EEPROM_ReadPage
                 ; 0000 0105     i2c_start();
0001da 93aa      	ST   -Y,R26
                 ;	deviceAddress -> Y+4
                 ;	memAddress -> Y+3
                 ;	*data -> Y+1
                 ;	len -> Y+0
0001db 940e 0367 	CALL _i2c_start
                 ; 0000 0106     i2c_write(deviceAddress);
0001dd 81ac      	LDD  R26,Y+4
0001de 940e 039b 	CALL _i2c_write
                 ; 0000 0107     i2c_write(memAddress);
0001e0 81ab      	LDD  R26,Y+3
0001e1 940e 039b 	CALL _i2c_write
                 ; 0000 0108     i2c_start();
0001e3 940e 0367 	CALL _i2c_start
                 ; 0000 0109     i2c_write(deviceAddress | 0x01);
0001e5 81ec      	LDD  R30,Y+4
0001e6 60e1      	ORI  R30,1
0001e7 2fae      	MOV  R26,R30
0001e8 940e 039b 	CALL _i2c_write
                 ; 0000 010A     while (--len) {
                 _0x23:
0001ea 81e8      	LD   R30,Y
0001eb 50e1      	SUBI R30,LOW(1)
0001ec 83e8      	ST   Y,R30
0001ed f059      	BREQ _0x25
                 ; 0000 010B         *data++ = i2c_read(1);
0001ee 940e 0336 	CALL SUBOPT_0x9
0001f0 93ff      	PUSH R31
0001f1 93ef      	PUSH R30
0001f2 e0a1      	LDI  R26,LOW(1)
0001f3 940e 0380 	CALL _i2c_read
0001f5 91af      	POP  R26
0001f6 91bf      	POP  R27
0001f7 93ec      	ST   X,R30
                 ; 0000 010C     }
0001f8 cff1      	RJMP _0x23
                 _0x25:
                 ; 0000 010D     *data++ = i2c_read(0);
0001f9 940e 0336 	CALL SUBOPT_0x9
0001fb 93ff      	PUSH R31
0001fc 93ef      	PUSH R30
0001fd e0a0      	LDI  R26,LOW(0)
0001fe 940e 0380 	CALL _i2c_read
000200 91af      	POP  R26
000201 91bf      	POP  R27
000202 93ec      	ST   X,R30
                 ; 0000 010E     *data = '\0'; //   '\0'   
000203 81a9      	LDD  R26,Y+1
000204 81ba      	LDD  R27,Y+1+1
000205 e0e0      	LDI  R30,LOW(0)
000206 93ec      	ST   X,R30
                 ; 0000 010F     i2c_stop();
000207 940e 0376 	CALL _i2c_stop
                 ; 0000 0110 }
000209 9625      	ADIW R28,5
00020a 9508      	RET
                 ; .FEND
                 ;
                 ;void showTimedate()
                 ; 0000 0113 {
                 ; 0000 0114     int k=0;
                 ; 0000 0115     for(k=0;k<6;k++)
                 ;	k -> R16,R17
                 ; 0000 0116     {
                 ; 0000 0117         rtc_get_date(&weekDay, &day, &month, &year);
                 ; 0000 0118         sprintf(mStr, "%02u/%02u/%02u - Day %u", month, day, year, weekDay);
                 ; 0000 0119         lcd_clear();
                 ; 0000 011A         lcd_gotoxy(0, 1);
                 ; 0000 011B         lcd_puts(mStr);
                 ; 0000 011C         rtc_get_time(&hour, &min, &sec);
                 ; 0000 011D         sprintf(mStr, "%02u:%02u:%02u", hour, min, sec);
                 ; 0000 011E         lcd_gotoxy(0, 0);
                 ; 0000 011F         lcd_puts(mStr);
                 ; 0000 0120         delay_ms(1000);
                 ; 0000 0121     }
                 ; 0000 0122 }
                 	#ifndef __SLEEP_DEFINED__
                 	#endif
                 
                 	.DSEG
                 
                 	.CSEG
                 __lcd_write_nibble_G100:
                 ; .FSTART __lcd_write_nibble_G100
00020b 93aa      	ST   -Y,R26
00020c b3e8      	IN   R30,0x18
00020d 70ef      	ANDI R30,LOW(0xF)
00020e 2fae      	MOV  R26,R30
00020f 81e8      	LD   R30,Y
000210 7fe0      	ANDI R30,LOW(0xF0)
000211 2bea      	OR   R30,R26
000212 bbe8      	OUT  0x18,R30
                +
000213 e082     +LDI R24 , LOW ( 2 )
                +__DELAY_USB_LOOP :
000214 958a     +DEC R24
000215 f7f1     +BRNE __DELAY_USB_LOOP
                 	__DELAY_USB 2
000216 9ac2      	SBI  0x18,2
                +
000217 e082     +LDI R24 , LOW ( 2 )
                +__DELAY_USB_LOOP :
000218 958a     +DEC R24
000219 f7f1     +BRNE __DELAY_USB_LOOP
                 	__DELAY_USB 2
00021a 98c2      	CBI  0x18,2
                +
00021b e082     +LDI R24 , LOW ( 2 )
                +__DELAY_USB_LOOP :
00021c 958a     +DEC R24
00021d f7f1     +BRNE __DELAY_USB_LOOP
                 	__DELAY_USB 2
00021e c088      	RJMP _0x20C0002
                 ; .FEND
                 __lcd_write_data:
                 ; .FSTART __lcd_write_data
00021f 93aa      	ST   -Y,R26
000220 81a8      	LD   R26,Y
000221 dfe9      	RCALL __lcd_write_nibble_G100
000222 81e8          ld    r30,y
000223 95e2          swap  r30
000224 83e8          st    y,r30
000225 81a8      	LD   R26,Y
000226 dfe4      	RCALL __lcd_write_nibble_G100
                +
000227 e181     +LDI R24 , LOW ( 17 )
                +__DELAY_USB_LOOP :
000228 958a     +DEC R24
000229 f7f1     +BRNE __DELAY_USB_LOOP
                 	__DELAY_USB 17
00022a c07c      	RJMP _0x20C0002
                 ; .FEND
                 _lcd_gotoxy:
                 ; .FSTART _lcd_gotoxy
00022b 93aa      	ST   -Y,R26
00022c 81e8      	LD   R30,Y
00022d e0f0      	LDI  R31,0
00022e 50e6      	SUBI R30,LOW(-__base_y_G100)
00022f 4ffe      	SBCI R31,HIGH(-__base_y_G100)
000230 81e0      	LD   R30,Z
000231 81a9      	LDD  R26,Y+1
000232 0fae      	ADD  R26,R30
000233 dfeb      	RCALL __lcd_write_data
000234 81e9      	LDD  R30,Y+1
000235 93e0 01fe 	STS  __lcd_x,R30
000237 81e8      	LD   R30,Y
000238 93e0 01ff 	STS  __lcd_y,R30
00023a 9622      	ADIW R28,2
00023b 9508      	RET
                 ; .FEND
                 _lcd_clear:
                 ; .FSTART _lcd_clear
00023c e0a2      	LDI  R26,LOW(2)
00023d 940e 033d 	CALL SUBOPT_0xA
00023f e0ac      	LDI  R26,LOW(12)
000240 dfde      	RCALL __lcd_write_data
000241 e0a1      	LDI  R26,LOW(1)
000242 940e 033d 	CALL SUBOPT_0xA
000244 e0e0      	LDI  R30,LOW(0)
000245 93e0 01ff 	STS  __lcd_y,R30
000247 93e0 01fe 	STS  __lcd_x,R30
000249 9508      	RET
                 ; .FEND
                 _lcd_putchar:
                 ; .FSTART _lcd_putchar
00024a 93aa      	ST   -Y,R26
00024b 81a8      	LD   R26,Y
00024c 30aa      	CPI  R26,LOW(0xA)
00024d f031      	BREQ _0x2000005
00024e 91e0 0200 	LDS  R30,__lcd_maxx
000250 91a0 01fe 	LDS  R26,__lcd_x
000252 17ae      	CP   R26,R30
000253 f060      	BRLO _0x2000004
                 _0x2000005:
000254 e0e0      	LDI  R30,LOW(0)
000255 93ea      	ST   -Y,R30
000256 91a0 01ff 	LDS  R26,__lcd_y
000258 5faf      	SUBI R26,-LOW(1)
000259 93a0 01ff 	STS  __lcd_y,R26
00025b dfcf      	RCALL _lcd_gotoxy
00025c 81a8      	LD   R26,Y
00025d 30aa      	CPI  R26,LOW(0xA)
00025e f409      	BRNE _0x2000007
00025f c047      	RJMP _0x20C0002
                 _0x2000007:
                 _0x2000004:
000260 91e0 01fe 	LDS  R30,__lcd_x
000262 5fef      	SUBI R30,-LOW(1)
000263 93e0 01fe 	STS  __lcd_x,R30
000265 9ac0      	SBI  0x18,0
000266 81a8      	LD   R26,Y
000267 dfb7      	RCALL __lcd_write_data
000268 98c0      	CBI  0x18,0
000269 c03d      	RJMP _0x20C0002
                 ; .FEND
                 _lcd_puts:
                 ; .FSTART _lcd_puts
00026a 93ba      	ST   -Y,R27
00026b 93aa      	ST   -Y,R26
00026c 931a      	ST   -Y,R17
                 _0x2000008:
00026d 81a9      	LDD  R26,Y+1
00026e 81ba      	LDD  R27,Y+1+1
00026f 91ed      	LD   R30,X+
000270 83a9      	STD  Y+1,R26
000271 83ba      	STD  Y+1+1,R27
000272 2f1e      	MOV  R17,R30
000273 30e0      	CPI  R30,0
000274 f019      	BREQ _0x200000A
000275 2fa1      	MOV  R26,R17
000276 dfd3      	RCALL _lcd_putchar
000277 cff5      	RJMP _0x2000008
                 _0x200000A:
000278 8118      	LDD  R17,Y+0
000279 940c 02c0 	JMP  _0x20C0001
                 ; .FEND
                 _lcd_init:
                 ; .FSTART _lcd_init
00027b 93aa      	ST   -Y,R26
00027c b3e7      	IN   R30,0x17
00027d 6fe0      	ORI  R30,LOW(0xF0)
00027e bbe7      	OUT  0x17,R30
00027f 9aba      	SBI  0x17,2
000280 9ab8      	SBI  0x17,0
000281 9ab9      	SBI  0x17,1
000282 98c2      	CBI  0x18,2
000283 98c0      	CBI  0x18,0
000284 98c1      	CBI  0x18,1
000285 81e8      	LD   R30,Y
000286 93e0 0200 	STS  __lcd_maxx,R30
000288 58e0      	SUBI R30,-LOW(128)
                +
000289 93e0 01fc+STS __base_y_G100 + ( 2 ) , R30
                 	__PUTB1MN __base_y_G100,2
00028b 81e8      	LD   R30,Y
00028c 54e0      	SUBI R30,-LOW(192)
                +
00028d 93e0 01fd+STS __base_y_G100 + ( 3 ) , R30
                 	__PUTB1MN __base_y_G100,3
00028f e1a4      	LDI  R26,LOW(20)
000290 e0b0      	LDI  R27,0
000291 940e 03b3 	CALL _delay_ms
000293 940e 0343 	CALL SUBOPT_0xB
000295 940e 0343 	CALL SUBOPT_0xB
000297 940e 0343 	CALL SUBOPT_0xB
000299 e2a0      	LDI  R26,LOW(32)
00029a df70      	RCALL __lcd_write_nibble_G100
                +
00029b e281     +LDI R24 , LOW ( 33 )
                +__DELAY_USB_LOOP :
00029c 958a     +DEC R24
00029d f7f1     +BRNE __DELAY_USB_LOOP
                 	__DELAY_USB 33
00029e e2a8      	LDI  R26,LOW(40)
00029f df7f      	RCALL __lcd_write_data
0002a0 e0a4      	LDI  R26,LOW(4)
0002a1 df7d      	RCALL __lcd_write_data
0002a2 e8a5      	LDI  R26,LOW(133)
0002a3 df7b      	RCALL __lcd_write_data
0002a4 e0a6      	LDI  R26,LOW(6)
0002a5 df79      	RCALL __lcd_write_data
0002a6 df95      	RCALL _lcd_clear
                 _0x20C0002:
0002a7 9621      	ADIW R28,1
0002a8 9508      	RET
                 ; .FEND
                 	#ifndef __SLEEP_DEFINED__
                 	#endif
                 
                 	.CSEG
                 
                 	.CSEG
                 _strlen:
                 ; .FSTART _strlen
0002a9 93ba      	ST   -Y,R27
0002aa 93aa      	ST   -Y,R26
0002ab 91a9          ld   r26,y+
0002ac 91b9          ld   r27,y+
0002ad 27ee          clr  r30
0002ae 27ff          clr  r31
                 strlen0:
0002af 916d          ld   r22,x+
0002b0 2366          tst  r22
0002b1 f011          breq strlen1
0002b2 9631          adiw r30,1
0002b3 cffb          rjmp strlen0
                 strlen1:
0002b4 9508          ret
                 ; .FEND
                 
                 	.CSEG
                 _rtc_set_time:
                 ; .FSTART _rtc_set_time
0002b5 940e 034a 	CALL SUBOPT_0xC
0002b7 e0a0      	LDI  R26,LOW(0)
0002b8 940e 0350 	CALL SUBOPT_0xD
0002ba 940e 0356 	CALL SUBOPT_0xE
0002bc 940e 035c 	CALL SUBOPT_0xF
0002be 940e 0332 	CALL SUBOPT_0x8
                 _0x20C0001:
0002c0 9623      	ADIW R28,3
0002c1 9508      	RET
                 ; .FEND
                 _rtc_set_date:
                 ; .FSTART _rtc_set_date
0002c2 940e 034a 	CALL SUBOPT_0xC
0002c4 e0a3      	LDI  R26,LOW(3)
0002c5 940e 039b 	CALL _i2c_write
0002c7 81ab      	LDD  R26,Y+3
0002c8 940e 035c 	CALL SUBOPT_0xF
0002ca 940e 0356 	CALL SUBOPT_0xE
0002cc 940e 0350 	CALL SUBOPT_0xD
0002ce 940e 0332 	CALL SUBOPT_0x8
0002d0 9624      	ADIW R28,4
0002d1 9508      	RET
                 ; .FEND
                 
                 	.CSEG
                 
                 	.CSEG
                 _bin2bcd:
                 ; .FSTART _bin2bcd
0002d2 93aa      	ST   -Y,R26
0002d3 91a9          ld   r26,y+
0002d4 27ee          clr  r30
                 bin2bcd0:
0002d5 50aa          subi r26,10
0002d6 f012          brmi bin2bcd1
0002d7 5fe0          subi r30,-16
0002d8 cffc          rjmp bin2bcd0
                 bin2bcd1:
0002d9 5fa6          subi r26,-10
0002da 0fea          add  r30,r26
0002db 9508          ret
                 ; .FEND
                 
                 	.DSEG
                 _tempStr:
0001bb           	.BYTE 0x10
                 _mStr:
0001cb           	.BYTE 0x10
                 _psw:
0001db           	.BYTE 0x4
                 _str:
0001df           	.BYTE 0x6
                 _stritems:
0001e5           	.BYTE 0x12
                 _year:
0001f7           	.BYTE 0x1
                 _month:
0001f8           	.BYTE 0x1
                 _day:
0001f9           	.BYTE 0x1
                 __base_y_G100:
0001fa           	.BYTE 0x4
                 __lcd_x:
0001fe           	.BYTE 0x1
                 __lcd_y:
0001ff           	.BYTE 0x1
                 __lcd_maxx:
000200           	.BYTE 0x1
                 
                 	.CSEG
                 ;OPTIMIZER ADDED SUBROUTINE, CALLED 2 TIMES, CODE SIZE REDUCTION:4 WORDS
                 SUBOPT_0x0:
0002dc 93fa      	ST   -Y,R31
0002dd 93ea      	ST   -Y,R30
0002de 91a0 01db 	LDS  R26,_psw
0002e0 91b0 01dc 	LDS  R27,_psw+1
0002e2 940e 02a9 	CALL _strlen
0002e4 2fae      	MOV  R26,R30
0002e5 9508      	RET
                 
                 ;OPTIMIZER ADDED SUBROUTINE, CALLED 3 TIMES, CODE SIZE REDUCTION:11 WORDS
                 SUBOPT_0x1:
0002e6 940e 01bb 	CALL _EEPROM_WritePage
0002e8 e0aa      	LDI  R26,LOW(10)
0002e9 e0b0      	LDI  R27,0
0002ea 940e 03b3 	CALL _delay_ms
0002ec 01f4      	MOVW R30,R8
0002ed 9670      	ADIW R30,16
0002ee 014f      	MOVW R8,R30
0002ef 9508      	RET
                 
                 ;OPTIMIZER ADDED SUBROUTINE, CALLED 4 TIMES, CODE SIZE REDUCTION:3 WORDS
                 SUBOPT_0x2:
0002f0 e0e3      	LDI  R30,LOW(3)
0002f1 e0f0      	LDI  R31,HIGH(3)
0002f2 164e      	CP   R4,R30
0002f3 065f      	CPC  R5,R31
0002f4 9508      	RET
                 
                 ;OPTIMIZER ADDED SUBROUTINE, CALLED 3 TIMES, CODE SIZE REDUCTION:11 WORDS
                 SUBOPT_0x3:
0002f5 01f2      	MOVW R30,R4
0002f6 edaf      	LDI  R26,LOW(_str)
0002f7 e0b1      	LDI  R27,HIGH(_str)
0002f8 0fee      	LSL  R30
0002f9 1fff      	ROL  R31
0002fa 0fae      	ADD  R26,R30
0002fb 1fbf      	ADC  R27,R31
0002fc 940e 03c5 	CALL __GETW1P
0002fe 9508      	RET
                 
                 ;OPTIMIZER ADDED SUBROUTINE, CALLED 2 TIMES, CODE SIZE REDUCTION:1 WORDS
                 SUBOPT_0x4:
0002ff 01df      	MOVW R26,R30
000300 940e 02a9 	CALL _strlen
000302 2fae      	MOV  R26,R30
000303 cfe2      	RJMP SUBOPT_0x1
                 
                 ;OPTIMIZER ADDED SUBROUTINE, CALLED 3 TIMES, CODE SIZE REDUCTION:23 WORDS
                 SUBOPT_0x5:
000304 01f2      	MOVW R30,R4
000305 e0a6      	LDI  R26,LOW(6)
000306 e0b0      	LDI  R27,HIGH(6)
000307 940e 03bd 	CALL __MULW12U
000309 51eb      	SUBI R30,LOW(-_stritems)
00030a 4ffe      	SBCI R31,HIGH(-_stritems)
00030b 01df      	MOVW R26,R30
00030c 01f3      	MOVW R30,R6
00030d 0fee      	LSL  R30
00030e 1fff      	ROL  R31
00030f 0fae      	ADD  R26,R30
000310 1fbf      	ADC  R27,R31
000311 940e 03c5 	CALL __GETW1P
000313 9508      	RET
                 
                 ;OPTIMIZER ADDED SUBROUTINE, CALLED 3 TIMES, CODE SIZE REDUCTION:3 WORDS
                 SUBOPT_0x6:
000314 eae0      	LDI  R30,LOW(160)
000315 93ea      	ST   -Y,R30
000316 928a      	ST   -Y,R8
000317 ebeb      	LDI  R30,LOW(_tempStr)
000318 e0f1      	LDI  R31,HIGH(_tempStr)
000319 9508      	RET
                 
                 ;OPTIMIZER ADDED SUBROUTINE, CALLED 2 TIMES, CODE SIZE REDUCTION:19 WORDS
                 SUBOPT_0x7:
00031a 940e 01da 	CALL _EEPROM_ReadPage
00031c e0aa      	LDI  R26,LOW(10)
00031d e0b0      	LDI  R27,0
00031e 940e 03b3 	CALL _delay_ms
000320 01f4      	MOVW R30,R8
000321 9670      	ADIW R30,16
000322 014f      	MOVW R8,R30
000323 940e 023c 	CALL _lcd_clear
000325 e0e0      	LDI  R30,LOW(0)
000326 93ea      	ST   -Y,R30
000327 e0a0      	LDI  R26,LOW(0)
000328 940e 022b 	CALL _lcd_gotoxy
00032a ebab      	LDI  R26,LOW(_tempStr)
00032b e0b1      	LDI  R27,HIGH(_tempStr)
00032c 940e 026a 	CALL _lcd_puts
00032e eea8      	LDI  R26,LOW(1000)
00032f e0b3      	LDI  R27,HIGH(1000)
000330 940c 03b3 	JMP  _delay_ms
                 
                 ;OPTIMIZER ADDED SUBROUTINE, CALLED 3 TIMES, CODE SIZE REDUCTION:1 WORDS
                 SUBOPT_0x8:
000332 940e 039b 	CALL _i2c_write
000334 940c 0376 	JMP  _i2c_stop
                 
                 ;OPTIMIZER ADDED SUBROUTINE, CALLED 2 TIMES, CODE SIZE REDUCTION:1 WORDS
                 SUBOPT_0x9:
000336 81e9      	LDD  R30,Y+1
000337 81fa      	LDD  R31,Y+1+1
000338 9631      	ADIW R30,1
000339 83e9      	STD  Y+1,R30
00033a 83fa      	STD  Y+1+1,R31
00033b 9731      	SBIW R30,1
00033c 9508      	RET
                 
                 ;OPTIMIZER ADDED SUBROUTINE, CALLED 2 TIMES, CODE SIZE REDUCTION:1 WORDS
                 SUBOPT_0xA:
00033d 940e 021f 	CALL __lcd_write_data
00033f e0a3      	LDI  R26,LOW(3)
000340 e0b0      	LDI  R27,0
000341 940c 03b3 	JMP  _delay_ms
                 
                 ;OPTIMIZER ADDED SUBROUTINE, CALLED 3 TIMES, CODE SIZE REDUCTION:5 WORDS
                 SUBOPT_0xB:
000343 e3a0      	LDI  R26,LOW(48)
000344 940e 020b 	CALL __lcd_write_nibble_G100
                +
000346 e281     +LDI R24 , LOW ( 33 )
                +__DELAY_USB_LOOP :
000347 958a     +DEC R24
000348 f7f1     +BRNE __DELAY_USB_LOOP
                 	__DELAY_USB 33
000349 9508      	RET
                 
                 ;OPTIMIZER ADDED SUBROUTINE, CALLED 2 TIMES, CODE SIZE REDUCTION:1 WORDS
                 SUBOPT_0xC:
00034a 93aa      	ST   -Y,R26
00034b 940e 0367 	CALL _i2c_start
00034d eda0      	LDI  R26,LOW(208)
00034e 940c 039b 	JMP  _i2c_write
                 
                 ;OPTIMIZER ADDED SUBROUTINE, CALLED 2 TIMES, CODE SIZE REDUCTION:1 WORDS
                 SUBOPT_0xD:
000350 940e 039b 	CALL _i2c_write
000352 81a8      	LD   R26,Y
000353 df7e      	RCALL _bin2bcd
000354 2fae      	MOV  R26,R30
000355 9508      	RET
                 
                 ;OPTIMIZER ADDED SUBROUTINE, CALLED 2 TIMES, CODE SIZE REDUCTION:1 WORDS
                 SUBOPT_0xE:
000356 940e 039b 	CALL _i2c_write
000358 81a9      	LDD  R26,Y+1
000359 df78      	RCALL _bin2bcd
00035a 2fae      	MOV  R26,R30
00035b 9508      	RET
                 
                 ;OPTIMIZER ADDED SUBROUTINE, CALLED 2 TIMES, CODE SIZE REDUCTION:1 WORDS
                 SUBOPT_0xF:
00035c 940e 039b 	CALL _i2c_write
00035e 81aa      	LDD  R26,Y+2
00035f df72      	RCALL _bin2bcd
000360 2fae      	MOV  R26,R30
000361 9508      	RET
                 
                 
                 	.CSEG
                 	.equ __sda_bit=1
                 	.equ __scl_bit=0
                 	.equ __i2c_port=0x12 ;PORTD
                 	.equ __i2c_dir=__i2c_port-1
                 	.equ __i2c_pin=__i2c_port-2
                 
                 _i2c_init:
000362 9890      	cbi  __i2c_port,__scl_bit
000363 9891      	cbi  __i2c_port,__sda_bit
000364 9a88      	sbi  __i2c_dir,__scl_bit
000365 9889      	cbi  __i2c_dir,__sda_bit
000366 c015      	rjmp __i2c_delay2
                 _i2c_start:
000367 9889      	cbi  __i2c_dir,__sda_bit
000368 9888      	cbi  __i2c_dir,__scl_bit
000369 27ee      	clr  r30
00036a 0000      	nop
00036b 9b81      	sbis __i2c_pin,__sda_bit
00036c 9508      	ret
00036d 9b80      	sbis __i2c_pin,__scl_bit
00036e 9508      	ret
00036f d004      	rcall __i2c_delay1
000370 9a89      	sbi  __i2c_dir,__sda_bit
000371 d002      	rcall __i2c_delay1
000372 9a88      	sbi  __i2c_dir,__scl_bit
000373 e0e1      	ldi  r30,1
                 __i2c_delay1:
000374 e062      	ldi  r22,2
000375 c007      	rjmp __i2c_delay2l
                 _i2c_stop:
000376 9a89      	sbi  __i2c_dir,__sda_bit
000377 9a88      	sbi  __i2c_dir,__scl_bit
000378 d003      	rcall __i2c_delay2
000379 9888      	cbi  __i2c_dir,__scl_bit
00037a dff9      	rcall __i2c_delay1
00037b 9889      	cbi  __i2c_dir,__sda_bit
                 __i2c_delay2:
00037c e063      	ldi  r22,3
                 __i2c_delay2l:
00037d 956a      	dec  r22
00037e f7f1      	brne __i2c_delay2l
00037f 9508      	ret
                 _i2c_read:
000380 e078      	ldi  r23,8
                 __i2c_read0:
000381 9888      	cbi  __i2c_dir,__scl_bit
000382 dff1      	rcall __i2c_delay1
                 __i2c_read3:
000383 9b80      	sbis __i2c_pin,__scl_bit
000384 cffe      	rjmp __i2c_read3
000385 dfee      	rcall __i2c_delay1
000386 9488      	clc
000387 9981      	sbic __i2c_pin,__sda_bit
000388 9408      	sec
000389 9a88      	sbi  __i2c_dir,__scl_bit
00038a dff1      	rcall __i2c_delay2
00038b 1fee      	rol  r30
00038c 957a      	dec  r23
00038d f799      	brne __i2c_read0
00038e 2f7a      	mov  r23,r26
00038f 2377      	tst  r23
000390 f411      	brne __i2c_read1
000391 9889      	cbi  __i2c_dir,__sda_bit
000392 c001      	rjmp __i2c_read2
                 __i2c_read1:
000393 9a89      	sbi  __i2c_dir,__sda_bit
                 __i2c_read2:
000394 dfdf      	rcall __i2c_delay1
000395 9888      	cbi  __i2c_dir,__scl_bit
000396 dfe5      	rcall __i2c_delay2
000397 9a88      	sbi  __i2c_dir,__scl_bit
000398 dfdb      	rcall __i2c_delay1
000399 9889      	cbi  __i2c_dir,__sda_bit
00039a cfd9      	rjmp __i2c_delay1
                 
                 _i2c_write:
00039b e078      	ldi  r23,8
                 __i2c_write0:
00039c 0faa      	lsl  r26
00039d f410      	brcc __i2c_write1
00039e 9889      	cbi  __i2c_dir,__sda_bit
00039f c001      	rjmp __i2c_write2
                 __i2c_write1:
0003a0 9a89      	sbi  __i2c_dir,__sda_bit
                 __i2c_write2:
0003a1 dfda      	rcall __i2c_delay2
0003a2 9888      	cbi  __i2c_dir,__scl_bit
0003a3 dfd0      	rcall __i2c_delay1
                 __i2c_write3:
0003a4 9b80      	sbis __i2c_pin,__scl_bit
0003a5 cffe      	rjmp __i2c_write3
0003a6 dfcd      	rcall __i2c_delay1
0003a7 9a88      	sbi  __i2c_dir,__scl_bit
0003a8 957a      	dec  r23
0003a9 f791      	brne __i2c_write0
0003aa 9889      	cbi  __i2c_dir,__sda_bit
0003ab dfc8      	rcall __i2c_delay1
0003ac 9888      	cbi  __i2c_dir,__scl_bit
0003ad dfce      	rcall __i2c_delay2
0003ae e0e1      	ldi  r30,1
0003af 9981      	sbic __i2c_pin,__sda_bit
0003b0 27ee      	clr  r30
0003b1 9a88      	sbi  __i2c_dir,__scl_bit
0003b2 cfc1      	rjmp __i2c_delay1
                 
                 _delay_ms:
0003b3 9610      	adiw r26,0
0003b4 f039      	breq __delay_ms1
                 __delay_ms0:
0003b5 95a8      	wdr
                +
0003b6 ef8a     +LDI R24 , LOW ( 0xFA )
0003b7 e090     +LDI R25 , HIGH ( 0xFA )
                +__DELAY_USW_LOOP :
0003b8 9701     +SBIW R24 , 1
0003b9 f7f1     +BRNE __DELAY_USW_LOOP
                 	__DELAY_USW 0xFA
0003ba 9711      	sbiw r26,1
0003bb f7c9      	brne __delay_ms0
                 __delay_ms1:
0003bc 9508      	ret
                 
                 __MULW12U:
0003bd 9ffa      	MUL  R31,R26
0003be 2df0      	MOV  R31,R0
0003bf 9feb      	MUL  R30,R27
0003c0 0df0      	ADD  R31,R0
0003c1 9fea      	MUL  R30,R26
0003c2 2de0      	MOV  R30,R0
0003c3 0df1      	ADD  R31,R1
0003c4 9508      	RET
                 
                 __GETW1P:
0003c5 91ed      	LD   R30,X+
0003c6 91fc      	LD   R31,X
0003c7 9711      	SBIW R26,1
0003c8 9508      	RET
                 
                 ;END OF CODE MARKER
                 __END_OF_CODE:


RESOURCE USE INFORMATION
------------------------

Notice:
The register and instruction counts are symbol table hit counts,
and hence implicitly used resources are not counted, eg, the
'lpm' instruction without operands implicitly uses r0 and z,
none of which are counted.

x,y,z are separate entities in the symbol table and are
counted separately from r26..r31 here.

.dseg memory usage only counts static data declared with .byte

ATmega16 register use summary:
r0 :   7 r1 :   2 r2 :   0 r3 :   0 r4 :  15 r5 :   5 r6 :   9 r7 :   4 
r8 :  11 r9 :   0 r10:   0 r11:   0 r12:   0 r13:   0 r14:   0 r15:   0 
r16:   0 r17:  10 r18:   0 r19:   0 r20:   0 r21:   0 r22:   7 r23:   6 
r24:  21 r25:   3 r26: 106 r27:  28 r28:   7 r29:   1 r30: 209 r31:  34 
x  :  11 y  :  87 z  :   8 
Registers used: 21 out of 35 (60.0%)

ATmega16 instruction use summary:
.lds  :   0 .lds.l:   0 .sts  :   0 .sts.l:   0 adc   :   2 add   :   6 
adiw  :  18 and   :   0 andi  :   2 asr   :   0 bclr  :   0 bld   :   0 
brbc  :   0 brbs  :   0 brcc  :   1 brcs  :   0 break :   0 breq  :   7 
brge  :   0 brhc  :   0 brhs  :   0 brid  :   0 brie  :   0 brlo  :   1 
brlt  :   0 brmi  :   1 brne  :  16 brpl  :   0 brsh  :   6 brtc  :   0 
brts  :   0 brvc  :   0 brvs  :   0 bset  :   0 bst   :   0 call  :  78 
cbi   :  20 cbr   :   0 clc   :   1 clh   :   0 cli   :   1 cln   :   0 
clr   :  19 cls   :   0 clt   :   0 clv   :   0 clz   :   0 com   :   0 
cp    :   4 cpc   :   3 cpi   :   3 cpse  :   0 dec   :  10 des   :   0 
eor   :   0 fmul  :   0 fmuls :   0 fmulsu:   0 icall :   0 ijmp  :   0 
in    :   2 inc   :   0 jmp   :  27 ld    :  22 ldd   :  21 ldi   :  98 
lds   :   8 lpm   :   7 lsl   :   3 lsr   :   0 mov   :  16 movw  :  29 
mul   :   3 muls  :   0 mulsu :   0 neg   :   0 nop   :   1 or    :   1 
ori   :   2 out   :  42 pop   :   4 push  :   4 rcall :  38 ret   :  26 
reti  :   0 rjmp  :  27 rol   :   3 ror   :   0 sbc   :   0 sbci  :   2 
sbi   :  16 sbic  :   2 sbis  :   4 sbiw  :   7 sbr   :   0 sbrc  :   0 
sbrs  :   0 sec   :   1 seh   :   0 sei   :   0 sen   :   0 ser   :   0 
ses   :   0 set   :   0 sev   :   0 sez   :   0 sleep :   0 spm   :   0 
st    :  49 std   :   7 sts   :   9 sub   :   0 subi  :  12 swap  :   1 
tst   :   2 wdr   :   1 
Instructions used: 53 out of 116 (45.7%)

ATmega16 memory use summary [bytes]:
Segment   Begin    End      Code   Data   Used    Size   Use%
---------------------------------------------------------------
[.cseg] 0x000000 0x000792   1636    302   1938   16384  11.8%
[.dseg] 0x000060 0x000201      0    161    161    1024  15.7%
[.eseg] 0x000000 0x000000      0      0      0     512   0.0%

Assembly complete, 0 errors, 10 warnings
